000.000 =============================================================
000.000                     Station A                               
000.000 -------------------------------------------------------------
000.000 Protocol.lib, version 4.0, jiangyanjun0718@bupt.edu.cn
000.000 Channel: 8000 bps, 270 ms propagation delay, bit error rate 1.0E-005
000.000 Log file "gobackn-A.log", TCP port 10002, debug mask 0x00
000.000 Station A is waiting for station B on TCP port 10002 ... Done.
000.603 New epoch: Sun Oct 28 16:50:06 2018
000.603 =================================================================
000.604 
000.604 Designed by Jiang Yanjun, build: Oct 28 2018  16:37:57
000.604 Protocol Options: Piggybacking (Enabled), NAK (Enabled)
003.418 .... 4 packets received, 3864 bps, 48.30%, Err 1 (5.3e-005)
005.542 .... 12 packets received, 5791 bps, 72.38%, Err 1 (2.8e-005)
007.643 .... 20 packets received, 6455 bps, 80.69%, Err 1 (1.9e-005)
009.757 .... 28 packets received, 6779 bps, 84.74%, Err 1 (1.4e-005)
011.871 .... 36 packets received, 6973 bps, 87.17%, Err 1 (1.2e-005)
013.982 .... 44 packets received, 7104 bps, 88.80%, Err 1 (9.7e-006)
016.092 .... 52 packets received, 7199 bps, 89.98%, Err 2 (1.7e-005)
018.196 .... 60 packets received, 7272 bps, 90.90%, Err 2 (1.5e-005)
020.332 .... 68 packets received, 7317 bps, 91.46%, Err 2 (1.3e-005)
022.440 .... 76 packets received, 7362 bps, 92.03%, Err 2 (1.2e-005)
024.550 .... 84 packets received, 7399 bps, 92.48%, Err 2 (1.1e-005)
026.661 .... 92 packets received, 7429 bps, 92.86%, Err 2 (9.8e-006)
028.787 .... 100 packets received, 7450 bps, 93.13%, Err 2 (9.0e-006)
030.882 .... 108 packets received, 7476 bps, 93.46%, Err 3 (1.3e-005)
033.006 .... 116 packets received, 7492 bps, 93.65%, Err 3 (1.2e-005)
035.109 .... 124 packets received, 7511 bps, 93.89%, Err 3 (1.1e-005)
037.231 .... 132 packets received, 7523 bps, 94.04%, Err 4 (1.4e-005)
039.334 .... 140 packets received, 7538 bps, 94.23%, Err 4 (1.3e-005)
041.453 .... 148 packets received, 7548 bps, 94.35%, Err 4 (1.2e-005)
043.551 .... 156 packets received, 7561 bps, 94.52%, Err 4 (1.2e-005)
045.677 .... 164 packets received, 7568 bps, 94.60%, Err 4 (1.1e-005)
047.794 .... 172 packets received, 7576 bps, 94.70%, Err 4 (1.1e-005)
049.904 .... 180 packets received, 7584 bps, 94.80%, Err 4 (1.0e-005)
052.017 .... 188 packets received, 7591 bps, 94.89%, Err 4 (9.8e-006)
054.132 .... 196 packets received, 7598 bps, 94.97%, Err 4 (9.4e-006)
056.781 .... 202 packets received, 7456 bps, 93.20%, Err 5 (1.1e-005)
058.894 .... 210 packets received, 7467 bps, 93.34%, Err 5 (1.1e-005)
060.999 .... 218 packets received, 7478 bps, 93.48%, Err 5 (1.0e-005)
063.115 .... 226 packets received, 7487 bps, 93.59%, Err 5 (1.0e-005)
065.211 .... 234 packets received, 7498 bps, 93.73%, Err 5 (9.7e-006)
067.330 .... 242 packets received, 7506 bps, 93.82%, Err 5 (9.4e-006)
069.442 .... 250 packets received, 7514 bps, 93.92%, Err 5 (9.1e-006)
071.561 .... 258 packets received, 7520 bps, 94.00%, Err 5 (8.9e-006)
073.668 .... 266 packets received, 7528 bps, 94.09%, Err 5 (8.6e-006)
075.779 .... 274 packets received, 7534 bps, 94.18%, Err 5 (8.4e-006)
077.889 .... 282 packets received, 7541 bps, 94.26%, Err 5 (8.1e-006)
079.993 .... 290 packets received, 7547 bps, 94.34%, Err 5 (7.9e-006)
082.109 .... 298 packets received, 7552 bps, 94.40%, Err 5 (7.7e-006)
084.766 .... 304 packets received, 7459 bps, 93.24%, Err 7 (1.0e-005)
086.884 .... 312 packets received, 7466 bps, 93.32%, Err 7 (1.0e-005)
089.000 .... 320 packets received, 7473 bps, 93.41%, Err 7 (9.9e-006)
091.093 .... 328 packets received, 7481 bps, 93.51%, Err 7 (9.7e-006)
093.230 .... 336 packets received, 7485 bps, 93.56%, Err 7 (9.5e-006)
095.354 .... 344 packets received, 7490 bps, 93.63%, Err 7 (9.3e-006)
097.462 .... 352 packets received, 7497 bps, 93.71%, Err 7 (9.1e-006)
099.567 .... 360 packets received, 7503 bps, 93.78%, Err 7 (8.9e-006)
105.186 .... 364 packets received, 7176 bps, 89.70%, Err 8 (1.0e-005)
108.446 .... 365 packets received, 6977 bps, 87.21%, Err 8 (1.0e-005)
112.508 .... 366 packets received, 6740 bps, 84.25%, Err 8 (1.0e-005)
116.692 .... 367 packets received, 6513 bps, 81.42%, Err 8 (9.9e-006)
120.800 .... 368 packets received, 6307 bps, 78.83%, Err 8 (9.9e-006)
124.901 .... 369 packets received, 6114 bps, 76.43%, Err 8 (9.9e-006)
129.024 .... 370 packets received, 5933 bps, 74.16%, Err 8 (9.8e-006)
133.149 .... 371 packets received, 5763 bps, 72.03%, Err 8 (9.8e-006)
137.298 .... 372 packets received, 5602 bps, 70.02%, Err 9 (1.1e-005)
141.353 .... 373 packets received, 5454 bps, 68.18%, Err 9 (1.1e-005)
145.466 .... 374 packets received, 5313 bps, 66.41%, Err 9 (1.1e-005)
149.659 .... 375 packets received, 5177 bps, 64.71%, Err 9 (1.1e-005)
153.711 .... 376 packets received, 5052 bps, 63.15%, Err 9 (1.1e-005)
157.853 .... 377 packets received, 4932 bps, 61.65%, Err 9 (1.1e-005)
162.044 .... 378 packets received, 4816 bps, 60.20%, Err 9 (1.1e-005)
166.128 .... 379 packets received, 4709 bps, 58.86%, Err 9 (1.1e-005)
170.227 .... 380 packets received, 4607 bps, 57.59%, Err 9 (1.1e-005)
174.305 .... 381 packets received, 4510 bps, 56.38%, Err 9 (1.1e-005)
178.343 .... 382 packets received, 4419 bps, 55.24%, Err 9 (1.1e-005)
182.542 .... 383 packets received, 4328 bps, 54.10%, Err 9 (1.1e-005)
186.607 .... 384 packets received, 4244 bps, 53.05%, Err 9 (1.1e-005)
190.633 .... 385 packets received, 4164 bps, 52.06%, Err 9 (1.1e-005)
194.711 .... 386 packets received, 4087 bps, 51.09%, Err 9 (1.1e-005)
198.815 .... 387 packets received, 4013 bps, 50.16%, Err 9 (1.1e-005)
201.077 .... 390 packets received, 3998 bps, 49.98%, Err 9 (1.0e-005)
203.186 .... 393 packets received, 3987 bps, 49.83%, Err 10 (1.1e-005)
205.301 .... 401 packets received, 4026 bps, 50.32%, Err 10 (1.1e-005)
208.463 .... 408 packets received, 4033 bps, 50.42%, Err 11 (1.2e-005)
210.561 .... 416 packets received, 4071 bps, 50.89%, Err 11 (1.2e-005)
212.679 .... 424 packets received, 4108 bps, 51.35%, Err 11 (1.2e-005)
214.808 .... 432 packets received, 4144 bps, 51.80%, Err 11 (1.1e-005)
216.913 .... 440 packets received, 4179 bps, 52.24%, Err 11 (1.1e-005)
219.017 .... 448 packets received, 4214 bps, 52.68%, Err 11 (1.1e-005)
221.138 .... 456 packets received, 4248 bps, 53.10%, Err 11 (1.1e-005)
223.240 .... 464 packets received, 4282 bps, 53.52%, Err 11 (1.1e-005)
225.358 .... 472 packets received, 4314 bps, 53.93%, Err 11 (1.0e-005)
227.482 .... 480 packets received, 4346 bps, 54.33%, Err 11 (1.0e-005)
229.574 .... 488 packets received, 4378 bps, 54.73%, Err 11 (1.0e-005)
231.698 .... 496 packets received, 4409 bps, 55.11%, Err 11 (9.9e-006)
233.821 .... 504 packets received, 4439 bps, 55.49%, Err 11 (9.8e-006)
236.184 .... 508 packets received, 4429 bps, 55.37%, Err 12 (1.0e-005)
238.301 .... 516 packets received, 4459 bps, 55.74%, Err 12 (1.0e-005)
240.686 .... 520 packets received, 4449 bps, 55.61%, Err 13 (1.1e-005)
242.803 .... 528 packets received, 4478 bps, 55.97%, Err 13 (1.1e-005)
244.902 .... 536 packets received, 4506 bps, 56.33%, Err 13 (1.1e-005)
247.023 .... 544 packets received, 4534 bps, 56.67%, Err 13 (1.1e-005)
249.127 .... 552 packets received, 4562 bps, 57.02%, Err 13 (1.0e-005)
251.247 .... 560 packets received, 4588 bps, 57.36%, Err 13 (1.0e-005)
253.352 .... 568 packets received, 4615 bps, 57.69%, Err 13 (1.0e-005)
255.489 .... 576 packets received, 4641 bps, 58.01%, Err 13 (1.0e-005)
257.595 .... 584 packets received, 4667 bps, 58.33%, Err 13 (9.9e-006)
259.694 .... 592 packets received, 4692 bps, 58.65%, Err 13 (9.8e-006)
261.817 .... 600 packets received, 4717 bps, 58.96%, Err 13 (9.6e-006)
263.926 .... 608 packets received, 4741 bps, 59.27%, Err 13 (9.5e-006)
266.041 .... 616 packets received, 4765 bps, 59.57%, Err 13 (9.4e-006)
268.148 .... 624 packets received, 4789 bps, 59.86%, Err 13 (9.3e-006)
270.265 .... 632 packets received, 4812 bps, 60.15%, Err 13 (9.2e-006)
272.385 .... 640 packets received, 4835 bps, 60.44%, Err 13 (9.1e-006)
274.487 .... 644 packets received, 4828 bps, 60.35%, Err 14 (9.6e-006)
276.604 .... 652 packets received, 4850 bps, 60.63%, Err 14 (9.5e-006)
278.720 .... 660 packets received, 4872 bps, 60.90%, Err 14 (9.4e-006)
280.835 .... 668 packets received, 4894 bps, 61.18%, Err 14 (9.3e-006)
282.957 .... 676 packets received, 4915 bps, 61.44%, Err 14 (9.2e-006)
285.062 .... 684 packets received, 4937 bps, 61.71%, Err 14 (9.1e-006)
287.189 .... 692 packets received, 4957 bps, 61.96%, Err 14 (9.0e-006)
289.291 .... 700 packets received, 4978 bps, 62.22%, Err 14 (8.9e-006)
291.411 .... 708 packets received, 4998 bps, 62.47%, Err 14 (8.8e-006)
293.511 .... 716 packets received, 5018 bps, 62.73%, Err 14 (8.7e-006)
295.639 .... 724 packets received, 5038 bps, 62.97%, Err 14 (8.6e-006)
297.744 .... 732 packets received, 5057 bps, 63.21%, Err 14 (8.6e-006)
299.864 .... 740 packets received, 5076 bps, 63.45%, Err 14 (8.5e-006)
304.519 .... 743 packets received, 5018 bps, 62.73%, Err 14 (8.4e-006)
308.552 .... 744 packets received, 4959 bps, 61.99%, Err 14 (8.4e-006)
312.689 .... 745 packets received, 4900 bps, 61.25%, Err 14 (8.4e-006)
316.959 .... 746 packets received, 4840 bps, 60.50%, Err 14 (8.4e-006)
321.068 .... 747 packets received, 4784 bps, 59.80%, Err 14 (8.4e-006)
325.152 .... 748 packets received, 4730 bps, 59.13%, Err 14 (8.4e-006)
329.307 .... 749 packets received, 4677 bps, 58.46%, Err 14 (8.4e-006)
333.563 .... 750 packets received, 4623 bps, 57.79%, Err 14 (8.4e-006)
337.650 .... 751 packets received, 4573 bps, 57.16%, Err 14 (8.3e-006)
341.759 .... 752 packets received, 4524 bps, 56.54%, Err 14 (8.3e-006)
345.916 .... 753 packets received, 4475 bps, 55.94%, Err 14 (8.3e-006)
349.942 .... 754 packets received, 4429 bps, 55.36%, Err 14 (8.3e-006)
353.986 .... 755 packets received, 4384 bps, 54.80%, Err 14 (8.3e-006)
358.081 .... 756 packets received, 4340 bps, 54.24%, Err 14 (8.3e-006)
362.151 .... 757 packets received, 4296 bps, 53.70%, Err 14 (8.3e-006)
366.197 .... 758 packets received, 4254 bps, 53.18%, Err 14 (8.3e-006)
370.316 .... 759 packets received, 4212 bps, 52.65%, Err 14 (8.2e-006)
374.322 .... 760 packets received, 4173 bps, 52.16%, Err 14 (8.2e-006)
378.495 .... 761 packets received, 4132 bps, 51.65%, Err 14 (8.2e-006)
382.727 .... 762 packets received, 4091 bps, 51.14%, Err 14 (8.2e-006)
386.907 .... 763 packets received, 4052 bps, 50.65%, Err 14 (8.2e-006)
391.015 .... 764 packets received, 4015 bps, 50.19%, Err 14 (8.2e-006)
395.083 .... 765 packets received, 3979 bps, 49.73%, Err 14 (8.2e-006)
399.258 .... 766 packets received, 3942 bps, 49.28%, Err 14 (8.2e-006)
401.329 .... 770 packets received, 3942 bps, 49.28%, Err 14 (8.1e-006)
403.432 .... 778 packets received, 3962 bps, 49.53%, Err 14 (8.0e-006)
405.544 .... 786 packets received, 3982 bps, 49.78%, Err 14 (8.0e-006)
407.648 .... 794 packets received, 4002 bps, 50.02%, Err 14 (7.9e-006)
409.769 .... 802 packets received, 4021 bps, 50.26%, Err 14 (7.8e-006)
411.885 .... 810 packets received, 4040 bps, 50.50%, Err 14 (7.7e-006)
414.003 .... 818 packets received, 4059 bps, 50.74%, Err 14 (7.7e-006)
416.108 .... 826 packets received, 4078 bps, 50.98%, Err 14 (7.6e-006)
418.227 .... 834 packets received, 4097 bps, 51.21%, Err 14 (7.5e-006)
420.332 .... 842 packets received, 4115 bps, 51.44%, Err 14 (7.5e-006)
422.450 .... 850 packets received, 4133 bps, 51.67%, Err 14 (7.4e-006)
424.568 .... 858 packets received, 4151 bps, 51.89%, Err 14 (7.3e-006)
426.659 .... 862 packets received, 4150 bps, 51.88%, Err 15 (7.8e-006)
428.784 .... 870 packets received, 4168 bps, 52.10%, Err 15 (7.7e-006)
430.889 .... 878 packets received, 4186 bps, 52.32%, Err 15 (7.6e-006)
432.995 .... 886 packets received, 4203 bps, 52.54%, Err 15 (7.6e-006)
435.117 .... 894 packets received, 4220 bps, 52.76%, Err 15 (7.5e-006)
437.237 .... 898 packets received, 4219 bps, 52.73%, Err 16 (7.9e-006)
439.346 .... 906 packets received, 4236 bps, 52.95%, Err 16 (7.9e-006)
442.514 .... 914 packets received, 4243 bps, 53.03%, Err 17 (8.3e-006)
444.629 .... 922 packets received, 4259 bps, 53.24%, Err 17 (8.2e-006)
446.744 .... 930 packets received, 4276 bps, 53.45%, Err 17 (8.1e-006)
449.386 .... 936 packets received, 4278 bps, 53.48%, Err 19 (9.0e-006)
451.492 .... 944 packets received, 4294 bps, 53.68%, Err 19 (8.9e-006)
453.616 .... 952 packets received, 4310 bps, 53.88%, Err 19 (8.9e-006)
456.778 .... 960 packets received, 4317 bps, 53.96%, Err 20 (9.2e-006)
458.893 .... 968 packets received, 4332 bps, 54.15%, Err 20 (9.1e-006)
461.010 .... 976 packets received, 4348 bps, 54.35%, Err 20 (9.1e-006)
463.114 .... 984 packets received, 4364 bps, 54.55%, Err 20 (9.0e-006)
465.213 .... 988 packets received, 4362 bps, 54.52%, Err 21 (9.4e-006)
467.871 .... 994 packets received, 4363 bps, 54.54%, Err 22 (9.7e-006)
469.979 .... 1002 packets received, 4378 bps, 54.73%, Err 22 (9.7e-006)
472.101 .... 1010 packets received, 4394 bps, 54.92%, Err 22 (9.6e-006)
474.219 .... 1018 packets received, 4408 bps, 55.11%, Err 22 (9.5e-006)
476.311 .... 1026 packets received, 4424 bps, 55.29%, Err 24 (1.0e-005)
478.431 .... 1030 packets received, 4421 bps, 55.26%, Err 24 (1.0e-005)
480.559 .... 1038 packets received, 4436 bps, 55.45%, Err 24 (1.0e-005)
482.660 .... 1046 packets received, 4450 bps, 55.63%, Err 24 (1.0e-005)
484.783 .... 1054 packets received, 4465 bps, 55.81%, Err 24 (1.0e-005)
486.905 .... 1062 packets received, 4479 bps, 55.99%, Err 24 (1.0e-005)
489.011 .... 1070 packets received, 4493 bps, 56.16%, Err 24 (9.9e-006)
491.128 .... 1078 packets received, 4507 bps, 56.34%, Err 24 (9.8e-006)
493.229 .... 1086 packets received, 4521 bps, 56.52%, Err 24 (9.7e-006)
495.347 .... 1094 packets received, 4535 bps, 56.69%, Err 24 (9.7e-006)
497.467 .... 1102 packets received, 4549 bps, 56.86%, Err 24 (9.6e-006)
499.583 .... 1110 packets received, 4562 bps, 57.03%, Err 24 (9.6e-006)
504.550 .... 1114 packets received, 4533 bps, 56.67%, Err 24 (9.5e-006)
508.673 .... 1115 packets received, 4501 bps, 56.26%, Err 24 (9.5e-006)
512.808 .... 1116 packets received, 4468 bps, 55.85%, Err 24 (9.5e-006)
516.858 .... 1117 packets received, 4437 bps, 55.46%, Err 24 (9.5e-006)
520.923 .... 1118 packets received, 4406 bps, 55.08%, Err 24 (9.5e-006)
525.109 .... 1119 packets received, 4375 bps, 54.69%, Err 24 (9.5e-006)
529.192 .... 1120 packets received, 4345 bps, 54.31%, Err 24 (9.5e-006)
533.303 .... 1121 packets received, 4315 bps, 53.94%, Err 24 (9.5e-006)
537.424 .... 1122 packets received, 4286 bps, 53.58%, Err 24 (9.4e-006)
541.526 .... 1123 packets received, 4257 bps, 53.22%, Err 24 (9.4e-006)
545.683 .... 1124 packets received, 4229 bps, 52.86%, Err 24 (9.4e-006)
549.846 .... 1125 packets received, 4200 bps, 52.50%, Err 24 (9.4e-006)
553.895 .... 1126 packets received, 4173 bps, 52.16%, Err 24 (9.4e-006)
558.093 .... 1127 packets received, 4145 bps, 51.82%, Err 24 (9.4e-006)
562.232 .... 1128 packets received, 4118 bps, 51.48%, Err 24 (9.4e-006)
566.297 .... 1129 packets received, 4092 bps, 51.15%, Err 24 (9.4e-006)
570.381 .... 1130 packets received, 4067 bps, 50.83%, Err 24 (9.4e-006)
574.526 .... 1131 packets received, 4041 bps, 50.51%, Err 24 (9.4e-006)
578.598 .... 1132 packets received, 4016 bps, 50.20%, Err 24 (9.4e-006)
582.621 .... 1133 packets received, 3992 bps, 49.89%, Err 24 (9.3e-006)
586.689 .... 1134 packets received, 3967 bps, 49.59%, Err 24 (9.3e-006)
590.747 .... 1135 packets received, 3943 bps, 49.29%, Err 24 (9.3e-006)
594.782 .... 1136 packets received, 3920 bps, 49.00%, Err 24 (9.3e-006)
598.959 .... 1137 packets received, 3896 bps, 48.70%, Err 24 (9.3e-006)
601.079 .... 1140 packets received, 3893 bps, 48.66%, Err 24 (9.3e-006)
603.199 .... 1148 packets received, 3906 bps, 48.83%, Err 24 (9.2e-006)
605.312 .... 1151 packets received, 3903 bps, 48.78%, Err 25 (9.5e-006)
607.680 .... 1155 packets received, 3901 bps, 48.76%, Err 26 (9.9e-006)
609.782 .... 1163 packets received, 3914 bps, 48.93%, Err 26 (9.8e-006)
613.225 .... 1171 packets received, 3919 bps, 48.99%, Err 27 (1.0e-005)
615.325 .... 1179 packets received, 3932 bps, 49.15%, Err 27 (1.0e-005)
617.430 .... 1187 packets received, 3946 bps, 49.32%, Err 27 (9.9e-006)
619.570 .... 1195 packets received, 3958 bps, 49.48%, Err 27 (9.9e-006)
621.928 .... 1199 packets received, 3957 bps, 49.46%, Err 28 (1.0e-005)
624.052 .... 1207 packets received, 3969 bps, 49.62%, Err 28 (1.0e-005)
626.163 .... 1215 packets received, 3982 bps, 49.78%, Err 28 (1.0e-005)
628.274 .... 1223 packets received, 3995 bps, 49.94%, Err 28 (1.0e-005)
630.375 .... 1231 packets received, 4008 bps, 50.09%, Err 28 (9.9e-006)
632.504 .... 1239 packets received, 4020 bps, 50.25%, Err 28 (9.9e-006)
634.612 .... 1247 packets received, 4033 bps, 50.41%, Err 28 (9.8e-006)
636.721 .... 1255 packets received, 4045 bps, 50.56%, Err 28 (9.8e-006)
639.094 .... 1260 packets received, 4046 bps, 50.57%, Err 29 (1.0e-005)
641.211 .... 1268 packets received, 4058 bps, 50.73%, Err 29 (1.0e-005)
643.317 .... 1276 packets received, 4070 bps, 50.88%, Err 29 (9.9e-006)
645.440 .... 1284 packets received, 4082 bps, 51.03%, Err 29 (9.9e-006)
647.560 .... 1292 packets received, 4094 bps, 51.18%, Err 29 (9.8e-006)
649.681 .... 1296 packets received, 4094 bps, 51.17%, Err 30 (1.0e-005)
651.769 .... 1304 packets received, 4106 bps, 51.32%, Err 30 (1.0e-005)
653.883 .... 1312 packets received, 4117 bps, 51.47%, Err 30 (1.0e-005)
656.004 .... 1320 packets received, 4129 bps, 51.61%, Err 30 (9.9e-006)
658.104 .... 1328 packets received, 4141 bps, 51.76%, Err 30 (9.9e-006)
660.221 .... 1336 packets received, 4152 bps, 51.91%, Err 30 (9.8e-006)
663.124 .... 1343 packets received, 4156 bps, 51.95%, Err 31 (1.0e-005)
665.246 .... 1351 packets received, 4167 bps, 52.09%, Err 31 (1.0e-005)
667.367 .... 1359 packets received, 4179 bps, 52.23%, Err 31 (9.9e-006)
669.487 .... 1367 packets received, 4190 bps, 52.37%, Err 31 (9.9e-006)
671.590 .... 1375 packets received, 4201 bps, 52.51%, Err 31 (9.8e-006)
673.711 .... 1383 packets received, 4212 bps, 52.65%, Err 31 (9.8e-006)
675.832 .... 1391 packets received, 4223 bps, 52.79%, Err 31 (9.7e-006)
677.941 .... 1399 packets received, 4234 bps, 52.93%, Err 31 (9.7e-006)
680.048 .... 1407 packets received, 4245 bps, 53.07%, Err 31 (9.6e-006)
682.150 .... 1415 packets received, 4256 bps, 53.20%, Err 31 (9.6e-006)
684.285 .... 1423 packets received, 4267 bps, 53.34%, Err 31 (9.5e-006)
686.401 .... 1431 packets received, 4278 bps, 53.47%, Err 31 (9.5e-006)
688.501 .... 1439 packets received, 4289 bps, 53.61%, Err 31 (9.4e-006)
690.637 .... 1447 packets received, 4299 bps, 53.74%, Err 31 (9.4e-006)
692.729 .... 1455 packets received, 4310 bps, 53.87%, Err 31 (9.3e-006)
694.858 .... 1459 packets received, 4308 bps, 53.85%, Err 32 (9.6e-006)
696.963 .... 1467 packets received, 4319 bps, 53.98%, Err 32 (9.5e-006)
699.086 .... 1475 packets received, 4329 bps, 54.11%, Err 32 (9.5e-006)
704.396 .... 1481 packets received, 4314 bps, 53.92%, Err 32 (9.5e-006)
708.502 .... 1482 packets received, 4292 bps, 53.65%, Err 32 (9.5e-006)
712.635 .... 1483 packets received, 4270 bps, 53.37%, Err 32 (9.4e-006)
716.768 .... 1484 packets received, 4248 bps, 53.10%, Err 32 (9.4e-006)
720.824 .... 1485 packets received, 4227 bps, 52.83%, Err 32 (9.4e-006)
724.874 .... 1486 packets received, 4206 bps, 52.57%, Err 32 (9.4e-006)
728.957 .... 1487 packets received, 4185 bps, 52.31%, Err 32 (9.4e-006)
733.032 .... 1488 packets received, 4165 bps, 52.06%, Err 32 (9.4e-006)
737.063 .... 1489 packets received, 4145 bps, 51.81%, Err 32 (9.4e-006)
741.090 .... 1490 packets received, 4125 bps, 51.56%, Err 32 (9.4e-006)
745.234 .... 1491 packets received, 4105 bps, 51.31%, Err 32 (9.4e-006)
750.178 .... 1492 packets received, 4080 bps, 51.00%, Err 33 (9.7e-006)
753.445 .... 1493 packets received, 4065 bps, 50.82%, Err 33 (9.7e-006)
757.440 .... 1494 packets received, 4046 bps, 50.58%, Err 33 (9.7e-006)
761.641 .... 1495 packets received, 4027 bps, 50.34%, Err 33 (9.7e-006)
765.706 .... 1496 packets received, 4008 bps, 50.10%, Err 33 (9.6e-006)
769.754 .... 1497 packets received, 3990 bps, 49.87%, Err 33 (9.6e-006)
773.843 .... 1498 packets received, 3971 bps, 49.64%, Err 33 (9.6e-006)
777.931 .... 1499 packets received, 3953 bps, 49.41%, Err 33 (9.6e-006)
782.049 .... 1500 packets received, 3935 bps, 49.18%, Err 33 (9.6e-006)
786.161 .... 1501 packets received, 3917 bps, 48.96%