000.000 =============================================================
000.000                     Station B                               
000.000 -------------------------------------------------------------
000.000 Protocol.lib, version 4.0, jiangyanjun0718@bupt.edu.cn
000.000 Channel: 8000 bps, 270 ms propagation delay, bit error rate 1.0E-005
000.000 Log file "gobackn-B.log", TCP port 10002, debug mask 0x00
000.000 Station B is connecting station A (TCP port 10002) ... Done.
000.603 New epoch: Sun Oct 28 16:50:06 2018
000.603 =================================================================
000.604 
000.604 Designed by Jiang Yanjun, build: Oct 28 2018  16:37:57
000.604 Protocol Options: Piggybacking (Enabled), NAK (Enabled)
003.014 .... 8 packets received, 7688 bps, 96.11%, Err 0 (0.0e+000)
005.125 .... 16 packets received, 7725 bps, 96.56%, Err 0 (0.0e+000)
007.233 .... 24 packets received, 7740 bps, 96.76%, Err 0 (0.0e+000)
009.332 .... 32 packets received, 7757 bps, 96.96%, Err 0 (0.0e+000)
011.444 .... 40 packets received, 7757 bps, 96.96%, Err 0 (0.0e+000)
013.561 .... 48 packets received, 7754 bps, 96.92%, Err 1 (9.7e-006)
015.679 .... 56 packets received, 7751 bps, 96.89%, Err 1 (8.3e-006)
017.788 .... 64 packets received, 7753 bps, 96.92%, Err 1 (7.3e-006)
020.158 .... 69 packets received, 7331 bps, 91.64%, Err 2 (1.3e-005)
022.267 .... 77 packets received, 7374 bps, 92.18%, Err 2 (1.2e-005)
025.453 .... 85 packets received, 7085 bps, 88.56%, Err 3 (1.5e-005)
027.557 .... 93 packets received, 7140 bps, 89.26%, Err 3 (1.4e-005)
029.665 .... 101 packets received, 7187 bps, 89.83%, Err 3 (1.3e-005)
031.776 .... 109 packets received, 7226 bps, 90.32%, Err 4 (1.6e-005)
033.895 .... 117 packets received, 7258 bps, 90.73%, Err 4 (1.5e-005)
036.001 .... 125 packets received, 7290 bps, 91.12%, Err 4 (1.4e-005)
038.135 .... 133 packets received, 7312 bps, 91.40%, Err 4 (1.3e-005)
040.240 .... 141 packets received, 7337 bps, 91.71%, Err 4 (1.3e-005)
042.337 .... 149 packets received, 7361 bps, 92.02%, Err 4 (1.2e-005)
044.446 .... 157 packets received, 7381 bps, 92.26%, Err 4 (1.1e-005)
046.563 .... 161 packets received, 7218 bps, 90.23%, Err 5 (1.4e-005)
048.684 .... 169 packets received, 7241 bps, 90.51%, Err 5 (1.3e-005)
050.791 .... 177 packets received, 7263 bps, 90.79%, Err 5 (1.2e-005)
052.898 .... 185 packets received, 7284 bps, 91.05%, Err 5 (1.2e-005)
055.009 .... 193 packets received, 7303 bps, 91.28%, Err 5 (1.1e-005)
057.142 .... 201 packets received, 7317 bps, 91.46%, Err 5 (1.1e-005)
059.255 .... 209 packets received, 7333 bps, 91.66%, Err 5 (1.1e-005)
061.362 .... 217 packets received, 7348 bps, 91.85%, Err 5 (1.0e-005)
063.482 .... 225 packets received, 7361 bps, 92.01%, Err 5 (9.9e-006)
065.591 .... 233 packets received, 7374 bps, 92.18%, Err 5 (9.6e-006)
067.696 .... 241 packets received, 7387 bps, 92.34%, Err 5 (9.3e-006)
069.794 .... 249 packets received, 7400 bps, 92.50%, Err 5 (9.0e-006)
071.926 .... 257 packets received, 7409 bps, 92.61%, Err 5 (8.8e-006)
074.034 .... 265 packets received, 7419 bps, 92.74%, Err 5 (8.5e-006)
076.136 .... 273 packets received, 7430 bps, 92.87%, Err 5 (8.3e-006)
078.249 .... 281 packets received, 7439 bps, 92.98%, Err 5 (8.1e-006)
080.365 .... 289 packets received, 7447 bps, 93.08%, Err 5 (7.8e-006)
083.004 .... 295 packets received, 7357 bps, 91.96%, Err 6 (9.1e-006)
085.130 .... 303 packets received, 7366 bps, 92.07%, Err 6 (8.9e-006)
088.294 .... 311 packets received, 7287 bps, 91.08%, Err 7 (1.0e-005)
090.410 .... 319 packets received, 7297 bps, 91.22%, Err 7 (9.7e-006)
092.775 .... 324 packets received, 7221 bps, 90.26%, Err 8 (1.1e-005)
095.688 .... 331 packets received, 7150 bps, 89.38%, Err 9 (1.2e-005)
097.795 .... 339 packets received, 7164 bps, 89.55%, Err 9 (1.2e-005)
099.912 .... 347 packets received, 7176 bps, 89.70%, Err 9 (1.1e-005)
102.025 .... 355 packets received, 7188 bps, 89.85%, Err 9 (1.1e-005)
104.128 .... 363 packets received, 7201 bps, 90.01%, Err 9 (1.1e-005)
106.251 .... 371 packets received, 7211 bps, 90.14%, Err 9 (1.1e-005)
108.358 .... 379 packets received, 7222 bps, 90.28%, Err 9 (1.0e-005)
110.478 .... 387 packets received, 7232 bps, 90.40%, Err 9 (1.0e-005)
112.574 .... 395 packets received, 7243 bps, 90.54%, Err 9 (1.0e-005)
114.692 .... 403 packets received, 7252 bps, 90.65%, Err 9 (9.9e-006)
116.799 .... 411 packets received, 7262 bps, 90.77%, Err 9 (9.7e-006)
118.933 .... 419 packets received, 7269 bps, 90.86%, Err 9 (9.5e-006)
121.048 .... 427 packets received, 7277 bps, 90.97%, Err 9 (9.3e-006)
123.142 .... 435 packets received, 7287 bps, 91.09%, Err 9 (9.2e-006)
125.260 .... 443 packets received, 7294 bps, 91.18%, Err 9 (9.0e-006)
127.373 .... 451 packets received, 7302 bps, 91.28%, Err 9 (8.9e-006)
129.468 .... 459 packets received, 7311 bps, 91.38%, Err 10 (9.7e-006)
131.859 .... 464 packets received, 7255 bps, 90.69%, Err 11 (1.0e-005)
133.967 .... 472 packets received, 7264 bps, 90.79%, Err 11 (1.0e-005)
136.082 .... 480 packets received, 7271 bps, 90.89%, Err 11 (1.0e-005)
138.197 .... 488 packets received, 7278 bps, 90.98%, Err 11 (1.0e-005)
140.305 .... 496 packets received, 7286 bps, 91.07%, Err 11 (9.8e-006)
142.427 .... 504 packets received, 7292 bps, 91.15%, Err 11 (9.7e-006)
144.518 .... 512 packets received, 7300 bps, 91.25%, Err 11 (9.6e-006)
146.655 .... 520 packets received, 7306 bps, 91.32%, Err 11 (9.4e-006)
148.750 .... 528 packets received, 7313 bps, 91.41%, Err 11 (9.3e-006)
150.868 .... 536 packets received, 7319 bps, 91.49%, Err 11 (9.2e-006)
152.972 .... 544 packets received, 7325 bps, 91.57%, Err 11 (9.0e-006)
155.888 .... 551 packets received, 7280 bps, 91.00%, Err 12 (9.7e-006)
158.006 .... 559 packets received, 7286 bps, 91.08%, Err 13 (1.0e-005)
160.104 .... 563 packets received, 7242 bps, 90.52%, Err 13 (1.0e-005)
162.226 .... 571 packets received, 7248 bps, 90.60%, Err 13 (1.0e-005)
164.336 .... 579 packets received, 7255 bps, 90.68%, Err 13 (9.9e-006)
166.447 .... 587 packets received, 7261 bps, 90.76%, Err 13 (9.8e-006)
168.552 .... 595 packets received, 7268 bps, 90.85%, Err 13 (9.7e-006)
170.659 .... 603 packets received, 7274 bps, 90.92%, Err 13 (9.6e-006)
172.780 .... 611 packets received, 7280 bps, 90.99%, Err 13 (9.4e-006)
174.883 .... 619 packets received, 7286 bps, 91.07%, Err 13 (9.3e-006)
177.000 .... 627 packets received, 7291 bps, 91.14%, Err 13 (9.2e-006)
179.109 .... 635 packets received, 7297 bps, 91.21%, Err 13 (9.1e-006)
181.228 .... 643 packets received, 7302 bps, 91.27%, Err 13 (9.0e-006)
183.348 .... 651 packets received, 7307 bps, 91.34%, Err 13 (8.9e-006)
185.433 .... 659 packets received, 7313 bps, 91.41%, Err 13 (8.8e-006)
188.358 .... 666 packets received, 7275 bps, 90.94%, Err 14 (9.3e-006)
190.472 .... 674 packets received, 7281 bps, 91.01%, Err 15 (9.9e-006)
192.586 .... 682 packets received, 7286 bps, 91.07%, Err 15 (9.8e-006)
194.681 .... 690 packets received, 7292 bps, 91.15%, Err 15 (9.7e-006)
196.799 .... 698 packets received, 7297 bps, 91.21%, Err 15 (9.6e-006)
198.912 .... 706 packets received, 7301 bps, 91.27%, Err 15 (9.5e-006)
201.018 .... 714 packets received, 7306 bps, 91.33%, Err 15 (9.4e-006)
203.139 .... 722 packets received, 7311 bps, 91.39%, Err 15 (9.3e-006)
205.255 .... 730 packets received, 7315 bps, 91.44%, Err 15 (9.2e-006)
207.374 .... 738 packets received, 7320 bps, 91.49%, Err 15 (9.1e-006)
209.493 .... 746 packets received, 7324 bps, 91.55%, Err 15 (9.0e-006)
211.591 .... 754 packets received, 7329 bps, 91.61%, Err 15 (8.9e-006)
213.710 .... 762 packets received, 7333 bps, 91.66%, Err 15 (8.8e-006)
215.825 .... 770 packets received, 7337 bps, 91.71%, Err 15 (8.7e-006)
217.933 .... 778 packets received, 7341 bps, 91.76%, Err 15 (8.6e-006)
220.049 .... 786 packets received, 7345 bps, 91.81%, Err 15 (8.5e-006)
222.162 .... 789 packets received, 7302 bps, 91.28%, Err 16 (9.0e-006)
224.277 .... 797 packets received, 7307 bps, 91.33%, Err 16 (8.9e-006)
226.382 .... 805 packets received, 7311 bps, 91.39%, Err 16 (8.9e-006)
228.496 .... 813 packets received, 7315 bps, 91.44%, Err 16 (8.8e-006)
230.610 .... 821 packets received, 7319 bps, 91.49%, Err 16 (8.7e-006)
232.720 .... 829 packets received, 7323 bps, 91.54%, Err 16 (8.6e-006)
234.832 .... 837 packets received, 7327 bps, 91.59%, Err 16 (8.5e-006)
236.950 .... 845 packets received, 7331 bps, 91.64%, Err 16 (8.5e-006)
239.061 .... 849 packets received, 7300 bps, 91.25%, Err 18 (9.4e-006)
241.190 .... 857 packets received, 7304 bps, 91.30%, Err 19 (9.9e-006)
243.294 .... 860 packets received, 7266 bps, 90.82%, Err 19 (9.8e-006)
245.410 .... 868 packets received, 7270 bps, 90.87%, Err 19 (9.7e-006)
247.523 .... 876 packets received, 7274 bps, 90.92%, Err 19 (9.6e-006)
249.635 .... 884 packets received, 7278 bps, 90.98%, Err 19 (9.5e-006)
251.750 .... 892 packets received, 7282 bps, 91.03%, Err 19 (9.5e-006)
254.920 .... 900 packets received, 7256 bps, 90.70%, Err 20 (9.8e-006)
257.014 .... 908 packets received, 7260 bps, 90.75%, Err 20 (9.8e-006)
259.130 .... 916 packets received, 7264 bps, 90.80%, Err 20 (9.7e-006)
261.246 .... 924 packets received, 7268 bps, 90.85%, Err 20 (9.6e-006)
263.359 .... 932 packets received, 7272 bps, 90.90%, Err 20 (9.5e-006)
265.459 .... 940 packets received, 7276 bps, 90.95%, Err 20 (9.4e-006)
267.579 .... 948 packets received, 7280 bps, 91.00%, Err 20 (9.4e-006)
269.960 .... 953 packets received, 7253 bps, 90.67%, Err 21 (9.7e-006)
272.073 .... 961 packets received, 7257 bps, 90.72%, Err 21 (9.7e-006)
274.200 .... 969 packets received, 7261 bps, 90.76%, Err 21 (9.6e-006)
276.833 .... 975 packets received, 7236 bps, 90.45%, Err 22 (1.0e-005)
278.946 .... 983 packets received, 7240 bps, 90.50%, Err 22 (9.9e-006)
281.041 .... 991 packets received, 7244 bps, 90.55%, Err 22 (9.8e-006)
283.173 .... 995 packets received, 7219 bps, 90.23%, Err 23 (1.0e-005)
285.277 .... 1003 packets received, 7223 bps, 90.29%, Err 23 (1.0e-005)
287.387 .... 1011 packets received, 7227 bps, 90.34%, Err 23 (1.0e-005)
289.504 .... 1019 packets received, 7231 bps, 90.38%, Err 23 (1.0e-005)
291.618 .... 1027 packets received, 7234 bps, 90.43%, Err 23 (9.9e-006)
293.724 .... 1035 packets received, 7238 bps, 90.48%, Err 23 (9.8e-006)
295.831 .... 1043 packets received, 7242 bps, 90.53%, Err 23 (9.7e-006)
297.948 .... 1051 packets received, 7246 bps, 90.57%, Err 23 (9.7e-006)
300.057 .... 1059 packets received, 7249 bps, 90.62%, Err 23 (9.6e-006)
302.178 .... 1067 packets received, 7253 bps, 90.66%, Err 23 (9.5e-006)
304.283 .... 1075 packets received, 7256 bps, 90.71%, Err 23 (9.5e-006)
306.406 .... 1083 packets received, 7260 bps, 90.75%, Err 23 (9.4e-006)
308.513 .... 1091 packets received, 7263 bps, 90.79%, Err 23 (9.3e-006)
311.411 .... 1098 packets received, 7242 bps, 90.52%, Err 24 (9.7e-006)
313.513 .... 1106 packets received, 7245 bps, 90.57%, Err 24 (9.6e-006)
316.449 .... 1113 packets received, 7223 bps, 90.29%, Err 26 (1.0e-005)
318.549 .... 1117 packets received, 7201 bps, 90.02%, Err 26 (1.0e-005)
320.656 .... 1125 packets received, 7205 bps, 90.06%, Err 26 (1.0e-005)
322.763 .... 1133 packets received, 7209 bps, 90.11%, Err 26 (1.0e-005)
324.872 .... 1141 packets received, 7212 bps, 90.16%, Err 26 (1.0e-005)
326.998 .... 1149 packets received, 7216 bps, 90.20%, Err 26 (1.0e-005)
329.115 .... 1157 packets received, 7219 bps, 90.24%, Err 26 (9.9e-006)
331.203 .... 1165 packets received, 7223 bps, 90.29%, Err 26 (9.8e-006)
334.371 .... 1173 packets received, 7204 bps, 90.04%, Err 27 (1.0e-005)
336.493 .... 1181 packets received, 7207 bps, 90.09%, Err 27 (1.0e-005)
338.605 .... 1189 packets received, 7210 bps, 90.13%, Err 27 (1.0e-005)
340.715 .... 1193 packets received, 7190 bps, 89.87%, Err 28 (1.0e-005)
342.840 .... 1201 packets received, 7193 bps, 89.91%, Err 28 (1.0e-005)
344.956 .... 1209 packets received, 7196 bps, 89.95%, Err 28 (1.0e-005)
347.584 .... 1215 packets received, 7177 bps, 89.71%, Err 29 (1.0e-005)
349.699 .... 1223 packets received, 7181 bps, 89.76%, Err 29 (1.0e-005)
352.868 .... 1231 packets received, 7162 bps, 89.53%, Err 30 (1.1e-005)
354.971 .... 1239 packets received, 7166 bps, 89.58%, Err 30 (1.1e-005)
357.078 .... 1247 packets received, 7170 bps, 89.62%, Err 30 (1.1e-005)
359.201 .... 1255 packets received, 7173 bps, 89.66%, Err 30 (1.0e-005)
361.302 .... 1263 packets received, 7177 bps, 89.71%, Err 30 (1.0e-005)
363.427 .... 1271 packets received, 7180 bps, 89.75%, Err 30 (1.0e-005)
365.543 .... 1279 packets received, 7183 bps, 89.79%, Err 30 (1.0e-005)
367.633 .... 1287 packets received, 7187 bps, 89.84%, Err 30 (1.0e-005)
369.754 .... 1295 packets received, 7190 bps, 89.87%, Err 30 (1.0e-005)
371.868 .... 1303 packets received, 7193 bps, 89.91%, Err 30 (1.0e-005)
373.981 .... 1311 packets received, 7196 bps, 89.95%, Err 30 (1.0e-005)
377.156 .... 1319 packets received, 7179 bps, 89.74%, Err 31 (1.0e-005)
379.256 .... 1327 packets received, 7183 bps, 89.78%, Err 31 (1.0e-005)
381.373 .... 1335 packets received, 7186 bps, 89.82%, Err 31 (1.0e-005)
383.478 .... 1343 packets received, 7189 bps, 89.86%, Err 31 (1.0e-005)
385.591 .... 1351 packets received, 7192 bps, 89.90%, Err 31 (1.0e-005)
387.701 .... 1359 packets received, 7195 bps, 89.94%, Err 31 (1.0e-005)
389.828 .... 1363 packets received, 7177 bps, 89.71%, Err 32 (1.0e-005)
392.202 .... 1368 packets received, 7160 bps, 89.49%, Err 33 (1.1e-005)
394.301 .... 1376 packets received, 7163 bps, 89.54%, Err 33 (1.0e-005)
396.418 .... 1384 packets received, 7166 bps, 89.58%, Err 33 (1.0e-005)
398.537 .... 1392 packets received, 7169 bps, 89.61%, Err 33 (1.0e-005)
400.653 .... 1400 packets received, 7172 bps, 89.65%, Err 33 (1.0e-005)
402.755 .... 1408 packets received, 7175 bps, 89.69%, Err 33 (1.0e-005)
404.865 .... 1416 packets received, 7178 bps, 89.73%, Err 33 (1.0e-005)
406.982 .... 1424 packets received, 7181 bps, 89.77%, Err 33 (1.0e-005)
409.099 .... 1432 packets received, 7184 bps, 89.80%, Err 33 (1.0e-005)
411.207 .... 1440 packets received, 7187 bps, 89.84%, Err 34 (1.0e-005)
413.311 .... 1448 packets received, 7190 bps, 89.88%, Err 34 (1.0e-005)
415.430 .... 1456 packets received, 7193 bps, 89.91%, Err 34 (1.0e-005)
417.530 .... 1464 packets received, 7196 bps, 89.95%, Err 34 (1.0e-005)
419.658 .... 1472 packets received, 7199 bps, 89.98%, Err 34 (1.0e-005)
421.758 .... 1480 packets received, 7202 bps, 90.02%, Err 34 (1.0e-005)
423.889 .... 1488 packets received, 7204 bps, 90.05%, Err 34 (1.0e-005)
425.990 .... 1496 packets received, 7207 bps, 90.09%, Err 34 (1.0e-005)
428.105 .... 1504 packets received, 7210 bps, 90.12%, Err 35 (1.0e-005)
430.215 .... 1512 packets received, 7213 bps, 90.16%, Err 35 (1.0e-005)
432.349 .... 1520 packets received, 7215 bps, 90.19%, Err 35 (1.0e-005)
434.442 .... 1528 packets received, 7218 bps, 90.22%, Err 35 (1.0e-005)
437.632 .... 1536 packets received, 7203 bps, 90.03%, Err 36 (1.0e-005)
439.735 .... 1544 packets received, 7205 bps, 90.07%, Err 36 (1.0e-005)
441.830 .... 1552 packets received, 7208 bps, 90.10%, Err 36 (1.0e-005)
443.972 .... 1560 packets received, 7210 bps, 90.13%, Err 36 (1.0e-005)
446.067 .... 1568 packets received, 7213 bps, 90.17%, Err 36 (1.0e-005)
448.197 .... 1576 packets received, 7216 bps, 90.20%, Err 36 (1.0e-005)
450.297 .... 1584 packets received, 7218 bps, 90.23%, Err 36 (1.0e-005)
452.939 .... 1590 packets received, 7203 bps, 90.04%, Err 37 (1.0e-005)
455.055 .... 1598 packets received, 7206 bps, 90.07%, Err 37 (1.0e-005)
457.180 .... 1606 packets received, 7208 bps, 90.10%, Err 37 (1.0e-005)
459.278 .... 1614 packets received, 7211 bps, 90.14%, Err 37 (1.0e-005)
461.392 .... 1622 packets received, 7213 bps, 90.17%, Err 37 (1.0e-005)
463.505 .... 1630 packets received, 7216 bps, 90.20%, Err 37 (1.0e-005)
465.633 .... 1638 packets received, 7218 bps, 90.23%, Err 37 (9.9e-006)
467.747 .... 1646 packets received, 7221 bps, 90.26%, Err 38 (1.0e-005)
469.857 .... 1650 packets received, 7206 bps, 90.07%, Err 38 (1.0e-005)
471.977 .... 1658 packets received, 7208 bps, 90.10%, Err 38 (1.0e-005)
474.078 .... 1666 packets received, 7210 bps, 90.13%, Err 38 (1.0e-005)
476.200 .... 1674 packets received, 7213 bps, 90.16%, Err 38 (1.0e-005)
479.366 .... 1682 packets received, 7199 bps, 89.99%, Err 39 (1.0e-005)
481.488 .... 1690 packets received, 7202 bps, 90.02%, Err 39 (1.0e-005)
483.598 .... 1698 packets received, 7204 bps, 90.05%, Err 39 (1.0e-005)
485.717 .... 1702 packets received, 7189 bps, 89.87%, Err 40 (1.0e-005)
487.815 .... 1710 packets received, 7192 bps, 89.90%, Err 40 (1.0e-005)
489.938 .... 1718 packets received, 7194 bps, 89.93%, Err 40 (1.0e-005)
492.054 .... 1726 packets received, 7197 bps, 89.96%, Err 40 (1.0e-005)
494.151 .... 1734 packets received, 7199 bps, 89.99%, Err 40 (1.0e-005)
496.539 .... 1739 packets received, 7185 bps, 89.82%, Err 41 (1.0e-005)
498.636 .... 1747 packets received, 7188 bps, 89.85%, Err 41 (1.0e-005)
500.743 .... 1755 packets received, 7190 bps, 89.88%, Err 41 (1.0e-005)
502.876 .... 1763 packets received, 7193 bps, 89.91%, Err 41 (1.0e-005)
504.987 .... 1771 packets received, 7195 bps, 89.94%, Err 41 (1.0e-005)
507.088 .... 1779 packets received, 7197 bps, 89.97%, Err 41 (1.0e-005)
509.196 .... 1787 packets received, 7200 bps, 90.00%, Err 41 (1.0e-005)
511.317 .... 1795 packets received, 7202 bps, 90.03%, Err 41 (1.0e-005)
513.437 .... 1799 packets received, 7188 bps, 89.85%, Err 42 (1.0e-005)
515.546 .... 1807 packets received, 7191 bps, 89.88%, Err 42 (1.0e-005)
517.658 .... 1815 packets received, 7193 bps, 89.91%, Err 42 (1.0e-005)
519.774 .... 1823 packets received, 7195 bps, 89.94%, Err 42 (1.0e-005)
521.880 .... 1831 packets received, 7198 bps, 89.97%, Err 42 (1.0e-005)
523.998 .... 1839 packets received, 7200 bps, 90.00%, Err 43 (1.0e-005)
526.093 .... 1847 packets received, 7202 bps, 90.03%, Err 43 (1.0e-005)
528.201 .... 1855 packets received, 7204 bps, 90.06%, Err 43 (1.0e-005)
530.318 .... 1863 packets received, 7207 bps, 90.08%, Err 43 (1.0e-005)
532.437 .... 1871 packets received, 7209 bps, 90.11%, Err 43 (1.0e-005)
534.551 .... 1879 packets received, 7211 bps, 90.14%, Err 43 (1.0e-005)
536.658 .... 1887 packets received, 7213 bps, 90.16%, Err 43 (1.0e-005)
538.787 .... 1895 packets received, 7215 bps, 90.19%, Err 43 (1.0e-005)
540.879 .... 1903 packets received, 7217 bps, 90.22%, Err 43 (9.9e-006)
542.989 .... 1911 packets received, 7219 bps, 90.24%, Err 44 (1.0e-005)
545.102 .... 1915 packets received, 7207 bps, 90.08%, Err 45 (1.0e-005)
547.214 .... 1923 packets received, 7209 bps, 90.11%, Err 45 (1.0e-005)
549.338 .... 1931 packets received, 7211 bps, 90.13%, Err 46 (1.0e-005)
551.431 .... 1935 packets received, 7198 bps, 89.98%, Err 46 (1.0e-005)
553.554 .... 1943 packets received, 7200 bps, 90.00%, Err 46 (1.0e-005)
555.674 .... 1951 packets received, 7202 bps, 90.03%, Err 46 (1.0e-005)
557.779 .... 1959 packets received, 7204 bps, 90.05%, Err 46 (1.0e-005)
559.889 .... 1967 packets received, 7206 bps, 90.08%, Err 46 (1.0e-005)
562.010 .... 1975 packets received, 7208 bps, 90.10%, Err 46 (1.0e-005)
564.100 .... 1983 packets received, 7211 bps, 90.13%, Err 46 (1.0e-005)
566.222 .... 1991 packets received, 7213 bps, 90.16%, Err 46 (1.0e-005)
568.336 .... 1999 packets received, 7215 bps, 90.18%, Err 46 (1.0e-005)
570.442 .... 2007 packets received, 7217 bps, 90.21%, Err 46 (1.0e-005)
572.563 .... 2015 packets received, 7219 bps, 90.23%, Err 46 (1.0e-005)
574.673 .... 2023 packets received, 7221 bps, 90.26%, Err 46 (1.0e-005)
576.789 .... 2031 packets received, 7223 bps, 90.28%, Err 46 (1.0e-005)
578.895 .... 2039 packets received, 7225 bps, 90.31%, Err 46 (9.9e-006)
581.018 .... 2047 packets received, 7226 bps, 90.33%, Err 46 (9.9e-006)
583.116 .... 2055 packets received, 7228 bps, 90.36%, Err 46 (9.9e-006)
585.235 .... 2063 packets received, 7230 bps, 90.38%, Err 46 (9.8e-006)
588.135 .... 2070 packets received, 7219 bps, 90.24%, Err 47 (1.0e-005)
590.253 .... 2078 packets received, 7221 bps, 90.26%, Err 47 (1.0e-005)
592.369 .... 2086 packets received, 7223 bps, 90.28%, Err 47 (9.9e-006)
595.012 .... 2092 packets received, 7211 bps, 90.14%, Err 48 (1.0e-005)
597.114 .... 2100 packets received, 7213 bps, 90.17%, Err 48 (1.0e-005)
599.233 .... 2108 packets received, 7215 bps, 90.19%, Err 48 (1.0e-005)
601.339 .... 2116 packets received, 7217 bps, 90.21%, Err 48 (1.0e-005)
603.454 .... 2124 packets received, 7219 bps, 90.24%, Err 48 (1.0e-005)
605.567 .... 2132 packets received, 7221 bps, 90.26%, Err 48 (9.9e-006)
607.697 .... 2140 packets received, 7223 bps, 90.28%, Err 48 (9.9e-006)
609.799 .... 2148 packets received, 7224 bps, 90.31%, Err 48 (9.8e-006)
611.917 .... 2156 packets received, 7226 bps, 90.33%, Err 48 (9.8e-006)
614.052 .... 2164 packets received, 7228 bps, 90.35%, Err 48 (9.8e-006)
616.149 .... 2172 packets received, 7230 bps, 90.37%, Err 48 (9.7e-006)
618.269 .... 2180 packets received, 7232 bps, 90.39%, Err 48 (9.7e-006)
620.370 .... 2188 packets received, 7233 bps, 90.42%, Err 48 (9.7e-006)
622.500 .... 2196 packets received, 7235 bps, 90.44%, Err 48 (9.6e-006)
624.592 .... 2204 packets received, 7237 bps, 90.46%, Err 48 (9.6e-006)
626.709 .... 2212 packets received, 7239 bps, 90.48%, Err 48 (9.6e-006)
628.829 .... 2220 packets received, 7240 bps, 90.50%, Err 48 (9.6e-006)
630.937 .... 2228 packets received, 7242 bps, 90.53%, Err 48 (9.5e-006)
633.059 .... 2236 packets received, 7244 bps, 90.55%, Err 48 (9.5e-006)
635.165 .... 2244 packets received, 7246 bps, 90.57%, Err 48 (9.5e-006)
637.261 .... 2252 packets received, 7247 bps, 90.59%, Err 48 (9.4e-006)
639.392 .... 2260 packets received, 7249 bps, 90.61%, Err 48 (9.4e-006)
644.542 .... 2268 packets received, 7216 bps, 90.20%, Err 50 (9.7e-006)
646.657 .... 2276 packets received, 7218 bps, 90.23%, Err 50 (9.7e-006)
649.043 .... 2281 packets received, 7207 bps, 90.09%, Err 51 (9.8e-006)
651.143 .... 2289 packets received, 7209 bps, 90.12%, Err 51 (9.8e-006)
653.264 .... 2297 packets received, 7211 bps, 90.14%, Err 51 (9.8e-006)
655.378 .... 2305 packets received, 7213 bps, 90.16%, Err 51 (9.7e-006)
657.480 .... 2313 packets received, 7215 bps, 90.18%, Err 51 (9.7e-006)
659.592 .... 2321 packets received, 7216 bps, 90.20%, Err 51 (9.7e-006)
661.707 .... 2329 packets received, 7218 bps, 90.22%, Err 51 (9.6e-006)
664.616 .... 2336 packets received, 7208 bps, 90.10%, Err 52 (9.8e-006)
666.721 .... 2344 packets received, 7210 bps, 90.12%, Err 52 (9.8e-006)
668.842 .... 2348 packets received, 7199 bps, 89.99%, Err 53 (9.9e-006)
670.968 .... 2356 packets received, 7201 bps, 90.01%, Err 53 (9.9e-006)
673.076 .... 2364 packets received, 7203 bps, 90.03%, Err 54 (1.0e-005)
675.184 .... 2368 packets received, 7192 bps, 89.90%, Err 54 (1.0e-005)
677.293 .... 2376 packets received, 7194 bps, 89.92%, Err 54 (1.0e-005)
679.402 .... 2384 packets received, 7196 bps, 89.95%, Err 54 (9.9e-006)
681.508 .... 2392 packets received, 7198 bps, 89.97%, Err 54 (9.9e-006)
683.892 .... 2397 packets received, 7187 bps, 89.84%, Err 55 (1.0e-005)
685.994 .... 2401 packets received, 7177 bps, 89.72%, Err 56 (1.0e-005)
688.115 .... 2409 packets received, 7179 bps, 89.74%, Err 56 (1.0e-005)
690.747 .... 2415 packets received, 7169 bps, 89.62%, Err 57 (1.0e-005)
692.885 .... 2423 packets received, 7171 bps, 89.64%, Err 57 (1.0e-005)
694.994 .... 2431 packets received, 7173 bps, 89.66%, Err 57 (1.0e-005)
697.090 .... 2439 packets received, 7175 bps, 89.68%, Err 57 (1.0e-005)
699.227 .... 2447 packets received, 7176 bps, 89.70%, Err 57 (1.0e-005)
701.325 .... 2455 packets received, 7178 bps, 89.73%, Err 58 (1.0e-005)
703.430 .... 2459 packets received, 7168 bps, 89.60%, Err 58 (1.0e-005)
705.543 .... 2467 packets received, 7170 bps, 89.63%, Err 58 (1.0e-005)
707.653 .... 2475 packets received, 7172 bps, 89.65%, Err 58 (1.0e-005)
709.777 .... 2483 packets received, 7173 bps, 89.67%, Err 58 (1.0e-005)
711.883 .... 2491 packets received, 7175 bps, 89.69%, Err 58 (1.0e-005)
713.984 .... 2499 packets received, 7177 bps, 89.71%, Err 58 (1.0e-005)
716.111 .... 2507 packets received, 7179 bps, 89.73%, Err 59 (1.0e-005)
718.211 .... 2515 packets received, 7180 bps, 89.76%, Err 59 (1.0e-005)
720.329 .... 2523 packets received, 7182 bps, 89.78%, Err 59 (1.0e-005)
722.434 .... 2531 packets received, 7184 bps, 89.80%, Err 59 (1.0e-005)
724.556 .... 2539 packets received, 7185 bps, 89.82%, Err 59 (1.0e-005)
726.662 .... 2547 packets received, 7187 bps, 89.84%, Err 59 (1.0e-005)
728.789 .... 2555 packets received, 7189 bps, 89.86%, Err 59 (1