000.000 =============================================================
000.000                     Station B                               
000.000 -------------------------------------------------------------
000.000 Protocol.lib, version 4.0, jiangyanjun0718@bupt.edu.cn
000.000 Channel: 8000 bps, 270 ms propagation delay, bit error rate 1.0E-005
000.000 Log file "selective-B.log", TCP port 10003, debug mask 0x00
000.000 Station B is connecting station A (TCP port 10003) ... Done.
000.299 New epoch: Sun Oct 28 16:50:40 2018
000.299 =================================================================
000.300 
000.300 Designed by Jiang Yanjun, build: Oct 28 2018  16:37:15
002.708 .... 8 packets received, 7699 bps, 96.24%, Err 0 (0.0e+000)
004.815 .... 16 packets received, 7737 bps, 96.72%, Err 0 (0.0e+000)
006.937 .... 24 packets received, 7732 bps, 96.65%, Err 0 (0.0e+000)
009.836 .... 31 packets received, 6859 bps, 85.74%, Err 1 (1.3e-005)
011.946 .... 42 packets received, 7568 bps, 94.60%, Err 2 (2.2e-005)
014.064 .... 50 packets received, 7594 bps, 94.93%, Err 2 (1.8e-005)
016.170 .... 58 packets received, 7619 bps, 95.24%, Err 2 (1.6e-005)
018.283 .... 66 packets received, 7635 bps, 95.44%, Err 2 (1.4e-005)
020.413 .... 70 packets received, 7228 bps, 90.35%, Err 3 (1.9e-005)
022.529 .... 81 packets received, 7558 bps, 94.47%, Err 3 (1.7e-005)
024.640 .... 89 packets received, 7576 bps, 94.70%, Err 3 (1.5e-005)
026.743 .... 97 packets received, 7593 bps, 94.91%, Err 3 (1.4e-005)
028.853 .... 105 packets received, 7606 bps, 95.07%, Err 3 (1.3e-005)
030.981 .... 113 packets received, 7612 bps, 95.15%, Err 4 (1.6e-005)
033.093 .... 121 packets received, 7622 bps, 95.27%, Err 4 (1.5e-005)
035.200 .... 129 packets received, 7631 bps, 95.39%, Err 4 (1.4e-005)
037.325 .... 137 packets received, 7636 bps, 95.45%, Err 4 (1.4e-005)
039.431 .... 145 packets received, 7644 bps, 95.54%, Err 4 (1.3e-005)
041.553 .... 153 packets received, 7648 bps, 95.59%, Err 4 (1.2e-005)
043.657 .... 161 packets received, 7654 bps, 95.68%, Err 4 (1.2e-005)
045.760 .... 165 packets received, 7479 bps, 93.49%, Err 5 (1.4e-005)
047.872 .... 176 packets received, 7622 bps, 95.27%, Err 5 (1.3e-005)
049.993 .... 184 packets received, 7626 bps, 95.33%, Err 5 (1.3e-005)
052.099 .... 192 packets received, 7632 bps, 95.41%, Err 5 (1.2e-005)
054.211 .... 200 packets received, 7637 bps, 95.47%, Err 5 (1.2e-005)
056.316 .... 208 packets received, 7643 bps, 95.54%, Err 5 (1.1e-005)
058.462 .... 216 packets received, 7643 bps, 95.53%, Err 5 (1.1e-005)
060.567 .... 224 packets received, 7648 bps, 95.59%, Err 5 (1.0e-005)
062.681 .... 232 packets received, 7651 bps, 95.64%, Err 5 (1.0e-005)
064.796 .... 240 packets received, 7654 bps, 95.68%, Err 5 (9.7e-006)
066.899 .... 248 packets received, 7658 bps, 95.73%, Err 5 (9.4e-006)
069.016 .... 256 packets received, 7661 bps, 95.76%, Err 5 (9.1e-006)
071.122 .... 264 packets received, 7665 bps, 95.81%, Err 5 (8.8e-006)
073.254 .... 272 packets received, 7665 bps, 95.81%, Err 5 (8.6e-006)
075.370 .... 280 packets received, 7667 bps, 95.84%, Err 5 (8.3e-006)
077.466 .... 288 packets received, 7671 bps, 95.89%, Err 5 (8.1e-006)
079.581 .... 296 packets received, 7673 bps, 95.92%, Err 5 (7.9e-006)
081.702 .... 304 packets received, 7675 bps, 95.93%, Err 5 (7.7e-006)
084.350 .... 310 packets received, 7579 bps, 94.74%, Err 6 (8.9e-006)
086.473 .... 321 packets received, 7654 bps, 95.67%, Err 6 (8.7e-006)
088.587 .... 329 packets received, 7656 bps, 95.70%, Err 6 (8.5e-006)
090.689 .... 337 packets received, 7659 bps, 95.74%, Err 6 (8.3e-006)
092.801 .... 345 packets received, 7662 bps, 95.77%, Err 7 (9.5e-006)
094.929 .... 353 packets received, 7662 bps, 95.78%, Err 7 (9.2e-006)
097.036 .... 357 packets received, 7580 bps, 94.75%, Err 8 (1.0e-005)
099.150 .... 368 packets received, 7646 bps, 95.57%, Err 8 (1.0e-005)
101.276 .... 376 packets received, 7647 bps, 95.59%, Err 8 (9.9e-006)
103.376 .... 384 packets received, 7650 bps, 95.63%, Err 8 (9.7e-006)
105.493 .... 392 packets received, 7652 bps, 95.65%, Err 8 (9.5e-006)
107.604 .... 400 packets received, 7654 bps, 95.68%, Err 8 (9.3e-006)
109.715 .... 408 packets received, 7656 bps, 95.71%, Err 8 (9.1e-006)
111.821 .... 416 packets received, 7659 bps, 95.73%, Err 8 (9.0e-006)
113.938 .... 424 packets received, 7660 bps, 95.75%, Err 8 (8.8e-006)
116.041 .... 432 packets received, 7663 bps, 95.78%, Err 8 (8.6e-006)
118.169 .... 440 packets received, 7663 bps, 95.79%, Err 8 (8.5e-006)
120.276 .... 448 packets received, 7665 bps, 95.82%, Err 8 (8.3e-006)
122.371 .... 456 packets received, 7668 bps, 95.85%, Err 8 (8.2e-006)
124.498 .... 464 packets received, 7669 bps, 95.86%, Err 8 (8.1e-006)
126.615 .... 472 packets received, 7670 bps, 95.87%, Err 8 (7.9e-006)
128.717 .... 480 packets received, 7672 bps, 95.90%, Err 8 (7.8e-006)
130.840 .... 488 packets received, 7673 bps, 95.91%, Err 9 (8.6e-006)
132.947 .... 496 packets received, 7674 bps, 95.93%, Err 9 (8.5e-006)
135.062 .... 504 packets received, 7675 bps, 95.94%, Err 9 (8.3e-006)
137.171 .... 512 packets received, 7677 bps, 95.96%, Err 9 (8.2e-006)
139.287 .... 519 packets received, 7663 bps, 95.79%, Err 10 (9.0e-006)
141.404 .... 527 packets received, 7664 bps, 95.80%, Err 10 (8.9e-006)
143.523 .... 535 packets received, 7665 bps, 95.81%, Err 10 (8.7e-006)
145.631 .... 543 packets received, 7667 bps, 95.83%, Err 10 (8.6e-006)
147.738 .... 551 packets received, 7668 bps, 95.85%, Err 10 (8.5e-006)
149.865 .... 559 packets received, 7669 bps, 95.86%, Err 10 (8.4e-006)
151.964 .... 567 packets received, 7671 bps, 95.88%, Err 10 (8.2e-006)
154.071 .... 575 packets received, 7672 bps, 95.90%, Err 10 (8.1e-006)
156.186 .... 583 packets received, 7673 bps, 95.91%, Err 10 (8.0e-006)
158.846 .... 589 packets received, 7622 bps, 95.27%, Err 11 (8.7e-006)
160.937 .... 600 packets received, 7663 bps, 95.79%, Err 11 (8.6e-006)
163.060 .... 608 packets received, 7664 bps, 95.80%, Err 11 (8.4e-006)
165.158 .... 616 packets received, 7665 bps, 95.82%, Err 11 (8.3e-006)
167.264 .... 624 packets received, 7667 bps, 95.84%, Err 11 (8.2e-006)
169.374 .... 632 packets received, 7668 bps, 95.85%, Err 11 (8.1e-006)
171.492 .... 640 packets received, 7669 bps, 95.86%, Err 11 (8.0e-006)
173.609 .... 648 packets received, 7670 bps, 95.87%, Err 11 (7.9e-006)
176.262 .... 654 packets received, 7624 bps, 95.30%, Err 12 (8.5e-006)
178.368 .... 665 packets received, 7660 bps, 95.75%, Err 12 (8.4e-006)
180.484 .... 673 packets received, 7661 bps, 95.77%, Err 12 (8.3e-006)
182.583 .... 680 packets received, 7652 bps, 95.65%, Err 13 (8.9e-006)
184.709 .... 687 packets received, 7641 bps, 95.52%, Err 14 (9.5e-006)
187.344 .... 693 packets received, 7599 bps, 94.99%, Err 15 (1.0e-005)
189.451 .... 704 packets received, 7634 bps, 95.42%, Err 15 (9.9e-006)
191.562 .... 712 packets received, 7635 bps, 95.44%, Err 15 (9.8e-006)
193.674 .... 720 packets received, 7636 bps, 95.46%, Err 15 (9.7e-006)
195.793 .... 728 packets received, 7638 bps, 95.47%, Err 15 (9.6e-006)
197.895 .... 736 packets received, 7639 bps, 95.49%, Err 15 (9.5e-006)
200.004 .... 744 packets received, 7641 bps, 95.51%, Err 15 (9.4e-006)
202.121 .... 752 packets received, 7642 bps, 95.52%, Err 15 (9.3e-006)
204.239 .... 760 packets received, 7643 bps, 95.53%, Err 15 (9.2e-006)
206.358 .... 768 packets received, 7643 bps, 95.54%, Err 15 (9.1e-006)
208.473 .... 776 packets received, 7645 bps, 95.56%, Err 15 (9.0e-006)
210.569 .... 784 packets received, 7646 bps, 95.58%, Err 15 (8.9e-006)
212.684 .... 792 packets received, 7647 bps, 95.59%, Err 15 (8.8e-006)
214.797 .... 800 packets received, 7648 bps, 95.60%, Err 15 (8.7e-006)
217.965 .... 807 packets received, 7603 bps, 95.04%, Err 16 (9.2e-006)
220.075 .... 819 packets received, 7642 bps, 95.52%, Err 16 (9.1e-006)
222.203 .... 827 packets received, 7642 bps, 95.53%, Err 16 (9.0e-006)
224.304 .... 835 packets received, 7644 bps, 95.55%, Err 16 (8.9e-006)
226.401 .... 843 packets received, 7645 bps, 95.57%, Err 16 (8.8e-006)
228.528 .... 851 packets received, 7646 bps, 95.57%, Err 16 (8.8e-006)
230.646 .... 859 packets received, 7647 bps, 95.58%, Err 16 (8.7e-006)
232.764 .... 867 packets received, 7647 bps, 95.59%, Err 16 (8.6e-006)
235.402 .... 872 packets received, 7605 bps, 95.06%, Err 17 (9.0e-006)
238.578 .... 883 packets received, 7598 bps, 94.98%, Err 18 (9.4e-006)
240.696 .... 895 packets received, 7634 bps, 95.42%, Err 18 (9.4e-006)
242.795 .... 903 packets received, 7635 bps, 95.44%, Err 18 (9.3e-006)
244.910 .... 911 packets received, 7636 bps, 95.45%, Err 18 (9.2e-006)
247.026 .... 919 packets received, 7637 bps, 95.46%, Err 18 (9.1e-006)
249.144 .... 927 packets received, 7638 bps, 95.47%, Err 18 (9.0e-006)
251.236 .... 934 packets received, 7631 bps, 95.39%, Err 19 (9.5e-006)
253.363 .... 942 packets received, 7632 bps, 95.40%, Err 19 (9.4e-006)
255.458 .... 950 packets received, 7633 bps, 95.42%, Err 19 (9.3e-006)
257.587 .... 958 packets received, 7634 bps, 95.42%, Err 19 (9.2e-006)
259.699 .... 966 packets received, 7635 bps, 95.44%, Err 19 (9.2e-006)
261.801 .... 974 packets received, 7636 bps, 95.45%, Err 19 (9.1e-006)
263.925 .... 982 packets received, 7637 bps, 95.46%, Err 19 (9.0e-006)
266.030 .... 989 packets received, 7630 bps, 95.38%, Err 20 (9.4e-006)
268.150 .... 997 packets received, 7631 bps, 95.39%, Err 20 (9.3e-006)
270.247 .... 1005 packets received, 7633 bps, 95.41%, Err 20 (9.3e-006)
272.623 .... 1010 packets received, 7604 bps, 95.04%, Err 21 (9.6e-006)
274.729 .... 1021 packets received, 7627 bps, 95.34%, Err 21 (9.6e-006)
276.867 .... 1029 packets received, 7628 bps, 95.34%, Err 22 (9.9e-006)
278.993 .... 1036 packets received, 7621 bps, 95.26%, Err 22 (9.9e-006)
281.085 .... 1044 packets received, 7622 bps, 95.28%, Err 23 (1.0e-005)
283.202 .... 1052 packets received, 7623 bps, 95.29%, Err 23 (1.0e-005)
285.320 .... 1060 packets received, 7624 bps, 95.30%, Err 23 (1.0e-005)
287.426 .... 1068 packets received, 7625 bps, 95.32%, Err 23 (1.0e-005)
289.539 .... 1076 packets received, 7626 bps, 95.33%, Err 23 (9.9e-006)
291.641 .... 1084 packets received, 7627 bps, 95.34%, Err 23 (9.9e-006)
293.764 .... 1092 packets received, 7628 bps, 95.35%, Err 23 (9.8e-006)
295.867 .... 1100 packets received, 7629 bps, 95.36%, Err 23 (9.7e-006)
297.982 .... 1108 packets received, 7630 bps, 95.38%, Err 23 (9.7e-006)
300.100 .... 1116 packets received, 7631 bps, 95.38%, Err 23 (9.6e-006)
302.215 .... 1124 packets received, 7632 bps, 95.39%, Err 23 (9.5e-006)
304.316 .... 1132 packets received, 7633 bps, 95.41%, Err 23 (9.5e-006)
306.434 .... 1136 packets received, 7607 bps, 95.08%, Err 24 (9.8e-006)
308.562 .... 1147 packets received, 7627 bps, 95.34%, Err 24 (9.7e-006)
310.679 .... 1155 packets received, 7628 bps, 95.35%, Err 24 (9.7e-006)
312.783 .... 1163 packets received, 7629 bps, 95.36%, Err 24 (9.6e-006)
314.903 .... 1171 packets received, 7630 bps, 95.37%, Err 24 (9.5e-006)
317.005 .... 1179 packets received, 7631 bps, 95.39%, Err 24 (9.5e-006)
319.109 .... 1183 packets received, 7606 bps, 95.08%, Err 25 (9.8e-006)
321.229 .... 1194 packets received, 7626 bps, 95.33%, Err 25 (9.7e-006)
323.343 .... 1202 packets received, 7627 bps, 95.34%, Err 25 (9.7e-006)
325.457 .... 1210 packets received, 7628 bps, 95.35%, Err 25 (9.6e-006)
327.568 .... 1218 packets received, 7629 bps, 95.36%, Err 25 (9.5e-006)
329.665 .... 1226 packets received, 7630 bps, 95.37%, Err 25 (9.5e-006)
332.308 .... 1232 packets received, 7606 bps, 95.08%, Err 26 (9.8e-006)
334.435 .... 1243 packets received, 7625 bps, 95.31%, Err 26 (9.7e-006)
337.335 .... 1250 packets received, 7602 bps, 95.02%, Err 27 (1.0e-005)
339.453 .... 1261 packets received, 7621 bps, 95.26%, Err 27 (1.0e-005)
342.336 .... 1268 packets received, 7599 bps, 94.98%, Err 28 (1.0e-005)
344.459 .... 1279 packets received, 7617 bps, 95.21%, Err 28 (1.0e-005)
346.570 .... 1287 packets received, 7618 bps, 95.23%, Err 28 (1.0e-005)
348.709 .... 1295 packets received, 7618 bps, 95.23%, Err 29 (1.0e-005)
350.810 .... 1302 packets received, 7614 bps, 95.17%, Err 29 (1.0e-005)
352.935 .... 1310 packets received, 7614 bps, 95.18%, Err 29 (1.0e-005)
355.033 .... 1318 packets received, 7615 bps, 95.19%, Err 29 (1.0e-005)
357.147 .... 1326 packets received, 7616 bps, 95.20%, Err 29 (1.0e-005)
359.250 .... 1334 packets received, 7617 bps, 95.21%, Err 30 (1.0e-005)
361.354 .... 1341 packets received, 7612 bps, 95.16%, Err 30 (1.0e-005)
363.474 .... 1348 packets received, 7607 bps, 95.09%, Err 31 (1.1e-005)
365.603 .... 1356 packets received, 7608 bps, 95.10%, Err 31 (1.1e-005)
367.720 .... 1364 packets received, 7609 bps, 95.11%, Err 31 (1.1e-005)
369.811 .... 1372 packets received, 7610 bps, 95.13%, Err 31 (1.0e-005)
371.920 .... 1380 packets received, 7611 bps, 95.14%, Err 31 (1.0e-005)
374.040 .... 1388 packets received, 7612 bps, 95.14%, Err 31 (1.0e-005)
376.145 .... 1396 packets received, 7613 bps, 95.16%, Err 31 (1.0e-005)
378.278 .... 1404 packets received, 7613 bps, 95.16%, Err 31 (1.0e-005)
380.384 .... 1411 packets received, 7608 bps, 95.11%, Err 32 (1.1e-005)
382.502 .... 1419 packets received, 7609 bps, 95.11%, Err 32 (1.0e-005)
384.607 .... 1427 packets received, 7610 bps, 95.13%, Err 32 (1.0e-005)
386.727 .... 1431 packets received, 7590 bps, 94.87%, Err 33 (1.1e-005)
388.837 .... 1442 packets received, 7606 bps, 95.08%, Err 33 (1.1e-005)
391.742 .... 1449 packets received, 7587 bps, 94.83%, Err 34 (1.1e-005)
393.845 .... 1460 packets received, 7603 bps, 95.04%, Err 34 (1.1e-005)
396.225 .... 1465 packets received, 7583 bps, 94.79%, Err 35 (1.1e-005)
398.343 .... 1476 packets received, 7600 bps, 95.00%, Err 35 (1.1e-005)
400.455 .... 1484 packets received, 7600 bps, 95.01%, Err 35 (1.1e-005)
402.575 .... 1492 packets received, 7601 bps, 95.01%, Err 35 (1.1e-005)
405.221 .... 1498 packets received, 7582 bps, 94.77%, Err 36 (1.1e-005)
407.338 .... 1509 packets received, 7598 bps, 94.97%, Err 36 (1.1e-005)
409.451 .... 1517 packets received, 7599 bps, 94.98%, Err 36 (1.1e-005)
411.578 .... 1525 packets received, 7599 bps, 94.99%, Err 36 (1.1e-005)
413.708 .... 1533 packets received, 7600 bps, 94.99%, Err 36 (1.1e-005)
415.827 .... 1541 packets received, 7600 bps, 95.00%, Err 36 (1.1e-005)
417.942 .... 1549 packets received, 7601 bps, 95.01%, Err 36 (1.1e-005)
420.071 .... 1557 packets received, 7601 bps, 95.02%, Err 36 (1.1e-005)
422.172 .... 1565 packets received, 7602 bps, 95.03%, Err 36 (1.1e-005)
424.280 .... 1573 packets received, 7603 bps, 95.04%, Err 36 (1.1e-005)
426.394 .... 1581 packets received, 7604 bps, 95.05%, Err 36 (1.1e-005)
428.496 .... 1589 packets received, 7605 bps, 95.06%, Err 36 (1.1e-005)
430.619 .... 1597 packets received, 7605 bps, 95.07%, Err 36 (1.0e-005)
432.719 .... 1605 packets received, 7606 bps, 95.08%, Err 36 (1.0e-005)
434.834 .... 1613 packets received, 7607 bps, 95.09%, Err 36 (1.0e-005)
436.953 .... 1621 packets received, 7608 bps, 95.10%, Err 36 (1.0e-005)
439.062 .... 1629 packets received, 7609 bps, 95.11%, Err 36 (1.0e-005)
441.176 .... 1637 packets received, 7609 bps, 95.11%, Err 36 (1.0e-005)
443.297 .... 1645 packets received, 7610 bps, 95.12%, Err 36 (1.0e-005)
445.395 .... 1649 packets received, 7592 bps, 94.90%, Err 37 (1.0e-005)
447.518 .... 1660 packets received, 7607 bps, 95.08%, Err 37 (1.0e-005)
449.639 .... 1668 packets received, 7607 bps, 95.09%, Err 37 (1.0e-005)
451.753 .... 1676 packets received, 7608 bps, 95.10%, Err 37 (1.0e-005)
453.878 .... 1684 packets received, 7608 bps, 95.10%, Err 37 (1.0e-005)
455.995 .... 1692 packets received, 7609 bps, 95.11%, Err 37 (1.0e-005)
458.101 .... 1700 packets received, 7610 bps, 95.12%, Err 37 (1.0e-005)
460.213 .... 1708 packets received, 7610 bps, 95.13%, Err 37 (1.0e-005)
462.343 .... 1716 packets received, 7611 bps, 95.13%, Err 37 (1.0e-005)
464.444 .... 1724 packets received, 7612 bps, 95.15%, Err 37 (1.0e-005)
466.563 .... 1732 packets received, 7612 bps, 95.15%, Err 37 (9.9e-006)
468.681 .... 1740 packets received, 7613 bps, 95.16%, Err 37 (9.9e-006)
471.869 .... 1747 packets received, 7592 bps, 94.90%, Err 38 (1.0e-005)
473.976 .... 1759 packets received, 7610 bps, 95.12%, Err 38 (1.0e-005)
476.087 .... 1767 packets received, 7610 bps, 95.13%, Err 38 (1.0e-005)
478.202 .... 1774 packets received, 7607 bps, 95.08%, Err 39 (1.0e-005)
480.319 .... 1782 packets received, 7607 bps, 95.09%, Err 39 (1.0e-005)
482.421 .... 1790 packets received, 7608 bps, 95.10%, Err 39 (1.0e-005)
484.519 .... 1798 packets received, 7609 bps, 95.11%, Err 39 (1.0e-005)
486.641 .... 1806 packets received, 7610 bps, 95.12%, Err 39 (1.0e-005)
489.277 .... 1811 packets received, 7589 bps, 94.87%, Err 40 (1.0e-005)
491.393 .... 1823 packets received, 7607 bps, 95.08%, Err 40 (1.0e-005)
493.503 .... 1831 packets received, 7607 bps, 95.09%, Err 40 (1.0e-005)
496.676 .... 1839 packets received, 7592 bps, 94.90%, Err 41 (1.0e-005)
498.793 .... 1850 packets received, 7605 bps, 95.06%, Err 41 (1.0e-005)
500.904 .... 1858 packets received, 7605 bps, 95.07%, Err 41 (1.0e-005)
503.026 .... 1866 packets received, 7606 bps, 95.07%, Err 41 (1.0e-005)
505.140 .... 1874 packets received, 7607 bps, 95.08%, Err 41 (1.0e-005)
507.251 .... 1882 packets received, 7607 bps, 95.09%, Err 41 (1.0e-005)
509.363 .... 1890 packets received, 7608 bps, 95.10%, Err 41 (1.0e-005)
511.470 .... 1898 packets received, 7608 bps, 95.11%, Err 41 (1.0e-005)
513.576 .... 1906 packets received, 7609 bps, 95.11%, Err 41 (1.0e-005)
515.697 .... 1914 packets received, 7610 bps, 95.12%, Err 41 (9.9e-006)
517.797 .... 1922 packets received, 7610 bps, 95.13%, Err 41 (9.9e-006)
519.919 .... 1930 packets received, 7611 bps, 95.14%, Err 41 (9.9e-006)
522.030 .... 1938 packets received, 7612 bps, 95.14%, Err 41 (9.8e-006)
524.142 .... 1946 packets received, 7612 bps, 95.15%, Err 41 (9.8e-006)
526.269 .... 1954 packets received, 7612 bps, 95.16%, Err 41 (9.7e-006)
528.381 .... 1962 packets received, 7613 bps, 95.16%, Err 41 (9.7e-006)
530.487 .... 1970 packets received, 7614 bps, 95.17%, Err 41 (9.7e-006)
532.601 .... 1978 packets received, 7614 bps, 95.18%, Err 41 (9.6e-006)
534.722 .... 1986 packets received, 7615 bps, 95.18%, Err 41 (9.6e-006)
536.825 .... 1994 packets received, 7615 bps, 95.19%, Err 41 (9.6e-006)
538.925 .... 2002 packets received, 7616 bps, 95.20%, Err 42 (9.7e-006)
541.051 .... 2010 packets received, 7616 bps, 95.21%, Err 42 (9.7e-006)
543.166 .... 2018 packets received, 7617 bps, 95.21%, Err 42 (9.7e-006)
545.260 .... 2026 packets received, 7618 bps, 95.22%, Err 42 (9.6e-006)
547.389 .... 2034 packets received, 7618 bps, 95.23%, Err 42 (9.6e-006)
549.496 .... 2042 packets received, 7619 bps, 95.23%, Err 42 (9.6e-006)
551.598 .... 2050 packets received, 7619 bps, 95.24%, Err 42 (9.5e-006)
553.725 .... 2058 packets received, 7620 bps, 95.25%, Err 42 (9.5e-006)
555.844 .... 2066 packets received, 7620 bps, 95.25%, Err 42 (9.5e-006)
557.939 .... 2074 packets received, 7621 bps, 95.26%, Err 42 (9.4e-006)
560.049 .... 2082 packets received, 7621 bps, 95.27%, Err 42 (9.4e-006)
562.167 .... 2090 packets received, 7622 bps, 95.27%, Err 42 (9.3e-006)
564.274 .... 2098 packets received, 7622 bps, 95.28%, Err 42 (9.3e-006)
566.387 .... 2106 packets received, 7623 bps, 95.29%, Err 42 (9.3e-006)
568.495 .... 2114 packets received, 7623 bps, 95.29%, Err 42 (9.2e-006)
570.615 .... 2122 packets received, 7624 bps, 95.30%, Err 42 (9.2e-006)
572.726 .... 2130 packets received, 7624 bps, 95.30%, Err 42 (9.2e-006)
574.838 .... 2138 packets received, 7625 bps, 95.31%, Err 42 (9.1e-006)
576.954 .... 2146 packets received, 7625 bps, 95.32%, Err 42 (9.1e-006)
579.061 .... 2154 packets received, 7626 bps, 95.32%, Err 42 (9.1e-006)
581.183 .... 2162 packets received, 7626 bps, 95.33%, Err 42 (9.0e-006)
584.084 .... 2169 packets received, 7613 bps, 95.16%, Err 43 (9.2e-006)
586.206 .... 2180 packets received, 7624 bps, 95.30%, Err 43 (9.2e-006)
588.305 .... 2188 packets received, 7624 bps, 95.30%, Err 43 (9.1e-006)
590.690 .... 2193 packets received, 7611 bps, 95.14%, Err 44 (9.3e-006)
592.790 .... 2204 packets received, 7622 bps, 95.27%, Err 44 (9.3e-006)
594.909 .... 2212 packets received, 7622 bps, 95.28%, Err 44 (9.3e-006)
597.030 .... 2216 packets received, 7609 bps, 95.11%, Err 45 (9.4e-006)
599.128 .... 2227 packets received, 7620 bps, 95.25%, Err 45 (9.4e-006)
601.246 .... 2235 packets received, 7620 bps, 95.25%, Err 45 (9.4e-006)
603.350 .... 2243 packets received, 7621 bps, 95.26%, Err 45 (9.3e-006)
605.486 .... 2251 packets received, 7621 bps, 95.26%, Err 45 (9.3e-006)
607.597 .... 2259 packets received, 7622 bps, 95.27%, Err 45 (9.3e-006)
609.713 .... 2267 packets received, 7622 bps, 95.28%, Err 45 (9.2e-006)
611.817 .... 2275 packets received, 7623 bps, 95.28%, Err 45 (9.2e-006)
613.923 .... 2283 packets received, 7623 bps, 95.29%, Err 45 (9.2e-006)
616.045 .... 2291 packets received, 7623 bps, 95.29%, Err 45 (9.1e-006)
618.161 .... 2299 packets received, 7624 bps, 95.30%, Err 45 (9.1e-006)
620.274 .... 2307 packets received, 7624 bps, 95.30%, Err 45 (9.1e-006)
622.387 .... 2315 packets received, 7625 bps, 95.31%, Err 45 (9.0e-006)
624.500 .... 2323 packets received, 7625 bps, 95.31%, Err 45 (9.0e-006)
626.630 .... 2331 packets received, 7625 bps, 95.32%, Err 45 (9.0e-006)
628.721 .... 2339 packets received, 7626 bps, 95.33%, Err 45 (9.0e-006)
630.842 .... 2347 packets received, 7626 bps, 95.33%, Err 45 (8.9e-006)
637.166 .... 2354 packets received, 7573 bps, 94.66%, Err 47 (9.2e-006)
640.083 .... 2375 packets received, 7606 bps, 95.07%, Err 48 (9.4e-006)
642.202 .... 2386 packets received, 7616 bps, 95.20%, Err 48 (9.3e-006)
644.306 .... 2394 packets received, 7616 bps, 95.21%, Err 48 (9.3e-006)
646.443 .... 2402 packets received, 7617 bps, 95.21%, Err 48 (9.3e-006)
648.561 .... 2410 packets received, 7617 bps, 95.21%, Err 48 (9.3e-006)
650.676 .... 2418 packets received, 7617 bps, 95.22%, Err 48 (9.2e-006)
652.817 .... 2426 packets received, 7618 bps, 95.22%, Err 48 (9.2e-006)
655.961 .... 2434 packets received, 7606 bps, 95.08%, Err 49 (9.3e-006)
658.081 .... 2445 packets received, 7616 bps, 95.20%, Err 49 (9.3e-006)
660.196 .... 2449 packets received, 7604 bps, 95.05%, Err 50 (9.5e-006)
662.307 .... 2460 packets received, 7614 bps, 95.17%, Err 50 (9.4e-006)
664.425 .... 2468 packets received, 7614 bps, 95.17%, Err 50 (9.4e-006)
666.533 .... 2475 packets received, 7611 bps, 95.14%, Err 51 (9.6e-006)
668.644 .... 2483 packets received, 7612 bps, 95.15%, Err 51 (9.5e-006)
670.774 .... 2491 packets received, 7612 bps, 95.15%, Err 51 (9.5e-006)
672.896 .... 2499 packets received, 7612 bps, 95.16%, Err 51 (9.5e-006)
675.806 .... 2506 packets received, 7601 bps, 95.01%, Err 52 (9.6e-006)
677.926 .... 2516 packets received, 7607 bps, 95.09%, Err 53 (9.8e-006)
680.038 .... 2524 packets received, 7608 bps, 95.10%, Err 53 (9.7e-006)
682.142 .... 2528 packets received, 7596 bps, 94.95%, Err 55 (1.0e-005)
684.263 .... 2538 packets received, 7603 bps, 95.03%, Err 55 (1.0e-005)
686.399 .... 2546 packets received, 7603 bps, 95.04%, Err 55 (1.0e-005)
688.496 .... 2554 packets received, 7604 bps, 95.04%, Err 55 (1.0e-005)
690.609 .... 2562 packets received, 7604 bps, 95.05%, Err 55 (1.0e-005)
692.727 .... 2570 packets received, 7604 bps, 95.05%, Err 56 (1.0e-005)
694.847 .... 2578 packets received, 7605 bps, 95.06%, Err 57 (1.0e-005)
696.937 .... 2586 packets received, 7605 bps, 95.07%, Err 57 (1.0e-005)
699.057 .... 2594 packets received, 7606 bps, 95.07%, Err 57 (1.0e-005)
701.183 .... 2598 packets received, 7594 bps, 94.93%, Err 58 (1.0e-005)
703.286 .... 2609 packets received, 7604 bps, 95.05%, Err 58 (1.0e-005)
705.385 .... 2617 packets received, 7604 bps, 95.05%, Err 58 (1.0e-005)
707.509 .... 2625 packets received, 7605 bps, 95.06%, Err 58 (1.0e-005)
709.631 .... 2633 packets received, 7605 bps, 95.06%, Err 58 (1.0e-005)
711.743 .... 2641 packets received, 7606 bps, 95.07%, Err 58 (1.0e-005)
713.852 .... 2649 packets received, 7606 bps, 95.08%, Err 58 (1.0e-005)
715.958 .... 2657 packets received, 7607 bps, 95.08%, Err 58 (1.0e-005)
718.067 .... 2665 packets received, 7607 bps, 95.09%, Err 58 (1.0e-005)
720.174 .... 2673 packets received, 7607 bps, 95.09%, Err 58 (1.0e-005)
722.293 .... 2681 packets received, 7608 bps, 95.10%, Err 58 (1.0e-005)
724.398 .... 2689 packets received, 7608 bps, 95.10%, Err 58 (1.0e-005)
727.308 .... 2696 packets received, 7598 bps, 94.97%, Err 60 (1.0e-005)
729.418 .... 2706 packets received, 7604 bps, 95.05%,