000.000 =============================================================
000.000                     Station A                               
000.000 -------------------------------------------------------------
000.000 Protocol.lib, version 4.0, jiangyanjun0718@bupt.edu.cn
000.000 Channel: 8000 bps, 270 ms propagation delay, bit error rate 1.0E-005
000.000 Log file "stopwait-A.log", TCP port 59144, debug mask 0x00
000.000 Station A is waiting for station B on TCP port 59144 ... Done.
000.630 New epoch: Sun Oct 28 16:49:25 2018
000.631 =================================================================
000.631 
000.631 Designed by Jiang Yanjun, build: Oct 28 2018  16:36:26
003.947 .... 4 packets received, 3089 bps, 38.61%, Err 0 (0.0e+000)
006.353 .... 7 packets received, 2834 bps, 35.43%, Err 0 (0.0e+000)
008.732 .... 10 packets received, 2754 bps, 34.42%, Err 0 (0.0e+000)
011.130 .... 13 packets received, 2707 bps, 33.84%, Err 0 (0.0e+000)
013.515 .... 16 packets received, 2682 bps, 33.52%, Err 0 (0.0e+000)
015.912 .... 19 packets received, 2662 bps, 33.28%, Err 0 (0.0e+000)
018.302 .... 22 packets received, 2649 bps, 33.12%, Err 0 (0.0e+000)
020.708 .... 25 packets received, 2637 bps, 32.97%, Err 0 (0.0e+000)
023.108 .... 28 packets received, 2629 bps, 32.86%, Err 0 (0.0e+000)
025.537 .... 31 packets received, 2619 bps, 32.74%, Err 0 (0.0e+000)
027.938 .... 34 packets received, 2614 bps, 32.67%, Err 0 (0.0e+000)
030.346 .... 37 packets received, 2608 bps, 32.60%, Err 0 (0.0e+000)
032.745 .... 40 packets received, 2605 bps, 32.56%, Err 0 (0.0e+000)
035.166 .... 43 packets received, 2600 bps, 32.50%, Err 0 (0.0e+000)
037.567 .... 46 packets received, 2597 bps, 32.47%, Err 0 (0.0e+000)
039.968 .... 49 packets received, 2595 bps, 32.44%, Err 0 (0.0e+000)
042.366 .... 52 packets received, 2593 bps, 32.41%, Err 1 (8.9e-006)
044.781 .... 55 packets received, 2590 bps, 32.38%, Err 1 (8.4e-006)
047.201 .... 58 packets received, 2588 bps, 32.34%, Err 1 (8.0e-006)
049.641 .... 61 packets received, 2584 bps, 32.30%, Err 1 (7.6e-006)
052.056 .... 64 packets received, 2582 bps, 32.28%, Err 1 (7.2e-006)
054.459 .... 67 packets received, 2581 bps, 32.26%, Err 1 (6.9e-006)
056.892 .... 70 packets received, 2579 bps, 32.23%, Err 1 (6.6e-006)
059.307 .... 73 packets received, 2577 bps, 32.21%, Err 1 (6.3e-006)
061.756 .... 76 packets received, 2574 bps, 32.18%, Err 1 (6.1e-006)
064.179 .... 79 packets received, 2573 bps, 32.16%, Err 1 (5.8e-006)
066.644 .... 82 packets received, 2570 bps, 32.12%, Err 1 (5.6e-006)
069.071 .... 85 packets received, 2568 bps, 32.11%, Err 1 (5.4e-006)
071.494 .... 88 packets received, 2567 bps, 32.09%, Err 1 (5.3e-006)
073.913 .... 91 packets received, 2566 bps, 32.08%, Err 1 (5.1e-006)
076.295 .... 94 packets received, 2567 bps, 32.09%, Err 1 (4.9e-006)
078.717 .... 97 packets received, 2566 bps, 32.07%, Err 1 (4.8e-006)
081.136 .... 100 packets received, 2565 bps, 32.06%, Err 1 (4.6e-006)
083.546 .... 103 packets received, 2565 bps, 32.06%, Err 1 (4.5e-006)
085.954 .... 106 packets received, 2564 bps, 32.05%, Err 1 (4.4e-006)
088.350 .... 109 packets received, 2564 bps, 32.05%, Err 1 (4.2e-006)
090.767 .... 112 packets received, 2564 bps, 32.05%, Err 1 (4.1e-006)
095.677 .... 115 packets received, 2495 bps, 31.19%, Err 2 (8.0e-006)
098.076 .... 118 packets received, 2497 bps, 31.21%, Err 2 (7.8e-006)
101.389 .... 119 packets received, 2435 bps, 30.44%, Err 3 (1.1e-005)
107.109 .... 121 packets received, 2342 bps, 29.27%, Err 3 (1.1e-005)
111.135 .... 122 packets received, 2275 bps, 28.43%, Err 3 (1.1e-005)
115.241 .... 123 packets received, 2211 bps, 27.63%, Err 3 (1.1e-005)
119.430 .... 124 packets received, 2150 bps, 26.87%, Err 3 (1.1e-005)
123.537 .... 125 packets received, 2094 bps, 26.18%, Err 3 (1.1e-005)
127.613 .... 126 packets received, 2043 bps, 25.54%, Err 3 (1.1e-005)
131.641 .... 127 packets received, 1995 bps, 24.94%, Err 3 (1.1e-005)
135.766 .... 128 packets received, 1949 bps, 24.37%, Err 3 (1.1e-005)
139.956 .... 129 packets received, 1905 bps, 23.82%, Err 3 (1.0e-005)
144.057 .... 130 packets received, 1865 bps, 23.31%, Err 3 (1.0e-005)
148.073 .... 131 packets received, 1828 bps, 22.85%, Err 3 (1.0e-005)
152.125 .... 132 packets received, 1792 bps, 22.40%, Err 3 (1.0e-005)
156.317 .... 133 packets received, 1757 bps, 21.96%, Err 3 (1.0e-005)
160.448 .... 134 packets received, 1724 bps, 21.55%, Err 3 (1.0e-005)
164.501 .... 135 packets received, 1694 bps, 21.18%, Err 3 (1.0e-005)
168.602 .... 136 packets received, 1665 bps, 20.81%, Err 3 (9.9e-006)
172.684 .... 137 packets received, 1637 bps, 20.46%, Err 3 (9.8e-006)
176.769 .... 138 packets received, 1611 bps, 20.13%, Err 3 (9.8e-006)
180.939 .... 139 packets received, 1585 bps, 19.81%, Err 3 (9.7e-006)
185.025 .... 140 packets received, 1561 bps, 19.51%, Err 3 (9.6e-006)
189.085 .... 141 packets received, 1538 bps, 19.22%, Err 3 (9.5e-006)
193.248 .... 142 packets received, 1515 bps, 18.94%, Err 3 (9.5e-006)
197.349 .... 143 packets received, 1494 bps, 18.67%, Err 3 (9.4e-006)
200.543 .... 144 packets received, 1480 bps, 18.50%, Err 3 (9.3e-006)
202.943 .... 147 packets received, 1493 bps, 18.66%, Err 3 (9.1e-006)
205.333 .... 150 packets received, 1506 bps, 18.82%, Err 3 (9.0e-006)
207.741 .... 153 packets received, 1518 bps, 18.97%, Err 3 (8.8e-006)
210.148 .... 156 packets received, 1530 bps, 19.12%, Err 3 (8.6e-006)
212.536 .... 159 packets received, 1542 bps, 19.27%, Err 3 (8.5e-006)
214.942 .... 162 packets received, 1553 bps, 19.41%, Err 3 (8.3e-006)
217.343 .... 165 packets received, 1564 bps, 19.55%, Err 3 (8.2e-006)
219.745 .... 168 packets received, 1575 bps, 19.69%, Err 3 (8.0e-006)
222.130 .... 171 packets received, 1586 bps, 19.82%, Err 3 (7.9e-006)
224.536 .... 174 packets received, 1596 bps, 19.95%, Err 3 (7.8e-006)
226.938 .... 177 packets received, 1607 bps, 20.08%, Err 4 (1.0e-005)
229.347 .... 180 packets received, 1616 bps, 20.21%, Err 4 (1.0e-005)
231.749 .... 183 packets received, 1626 bps, 20.33%, Err 4 (9.9e-006)
234.145 .... 186 packets received, 1636 bps, 20.45%, Err 4 (9.7e-006)
236.551 .... 189 packets received, 1645 bps, 20.57%, Err 4 (9.5e-006)
238.953 .... 192 packets received, 1655 bps, 20.68%, Err 4 (9.4e-006)
241.372 .... 195 packets received, 1663 bps, 20.79%, Err 4 (9.3e-006)
243.770 .... 198 packets received, 1672 bps, 20.90%, Err 4 (9.1e-006)
246.177 .... 201 packets received, 1681 bps, 21.01%, Err 4 (9.0e-006)
248.576 .... 204 packets received, 1690 bps, 21.12%, Err 4 (8.9e-006)
250.974 .... 207 packets received, 1698 bps, 21.22%, Err 4 (8.7e-006)
253.389 .... 210 packets received, 1706 bps, 21.33%, Err 4 (8.6e-006)
255.790 .... 213 packets received, 1714 bps, 21.43%, Err 4 (8.5e-006)
258.188 .... 216 packets received, 1722 bps, 21.52%, Err 4 (8.4e-006)
260.577 .... 219 packets received, 1730 bps, 21.62%, Err 4 (8.3e-006)
262.983 .... 222 packets received, 1737 bps, 21.72%, Err 4 (8.2e-006)
265.397 .... 225 packets received, 1745 bps, 21.81%, Err 4 (8.0e-006)
267.795 .... 228 packets received, 1752 bps, 21.90%, Err 4 (7.9e-006)
270.187 .... 231 packets received, 1759 bps, 21.99%, Err 4 (7.8e-006)
272.579 .... 234 packets received, 1767 bps, 22.08%, Err 4 (7.7e-006)
275.002 .... 237 packets received, 1773 bps, 22.17%, Err 4 (7.7e-006)
277.406 .... 240 packets received, 1780 bps, 22.25%, Err 4 (7.6e-006)
279.836 .... 243 packets received, 1787 bps, 22.33%, Err 4 (7.5e-006)
282.249 .... 246 packets received, 1793 bps, 22.42%, Err 4 (7.4e-006)
284.682 .... 249 packets received, 1799 bps, 22.49%, Err 4 (7.3e-006)
287.083 .... 252 packets received, 1806 bps, 22.57%, Err 4 (7.2e-006)
289.482 .... 255 packets received, 1812 bps, 22.65%, Err 4 (7.1e-006)
291.911 .... 258 packets received, 1818 bps, 22.73%, Err 4 (7.0e-006)
294.313 .... 261 packets received, 1824 bps, 22.80%, Err 4 (7.0e-006)
296.714 .... 264 packets received, 1830 bps, 22.88%, Err 4 (6.9e-006)
299.110 .... 267 packets received, 1836 bps, 22.95%, Err 4 (6.8e-006)
304.065 .... 269 packets received, 1820 bps, 22.74%, Err 4 (6.8e-006)
308.223 .... 270 packets received, 1802 bps, 22.52%, Err 4 (6.7e-006)
312.477 .... 271 packets received, 1784 bps, 22.29%, Err 5 (8.4e-006)
316.514 .... 272 packets received, 1767 bps, 22.09%, Err 5 (8.3e-006)
320.658 .... 273 packets received, 1751 bps, 21.88%, Err 5 (8.3e-006)
324.687 .... 274 packets received, 1735 bps, 21.69%, Err 5 (8.3e-006)
328.909 .... 275 packets received, 1719 bps, 21.49%, Err 5 (8.2e-006)
332.949 .... 276 packets received, 1704 bps, 21.30%, Err 5 (8.2e-006)
337.032 .... 277 packets received, 1690 bps, 21.12%, Err 5 (8.2e-006)
341.127 .... 278 packets received, 1675 bps, 20.94%, Err 5 (8.1e-006)
345.192 .... 279 packets received, 1662 bps, 20.77%, Err 5 (8.1e-006)
349.335 .... 280 packets received, 1648 bps, 20.60%, Err 5 (8.1e-006)
353.457 .... 281 packets received, 1634 bps, 20.43%, Err 5 (8.1e-006)
357.543 .... 282 packets received, 1621 bps, 20.26%, Err 5 (8.0e-006)
361.660 .... 283 packets received, 1608 bps, 20.10%, Err 5 (8.0e-006)
365.690 .... 284 packets received, 1596 bps, 19.95%, Err 5 (8.0e-006)
369.819 .... 285 packets received, 1584 bps, 19.80%, Err 5 (7.9e-006)
373.939 .... 286 packets received, 1572 bps, 19.65%, Err 5 (7.9e-006)
377.968 .... 287 packets received, 1560 bps, 19.51%, Err 5 (7.9e-006)
382.114 .... 288 packets received, 1549 bps, 19.36%, Err 5 (7.8e-006)
386.211 .... 289 packets received, 1538 bps, 19.22%, Err 5 (7.8e-006)
390.291 .... 290 packets received, 1527 bps, 19.09%, Err 5 (7.8e-006)
394.371 .... 291 packets received, 1516 bps, 18.95%, Err 5 (7.8e-006)
400.934 .... 292 packets received, 1496 bps, 18.70%, Err 6 (9.2e-006)
403.331 .... 295 packets received, 1503 bps, 18.78%, Err 6 (9.2e-006)
405.720 .... 298 packets received, 1509 bps, 18.86%, Err 6 (9.1e-006)
408.140 .... 301 packets received, 1515 bps, 18.94%, Err 6 (9.0e-006)
410.531 .... 304 packets received, 1521 bps, 19.02%, Err 6 (8.9e-006)
412.915 .... 307 packets received, 1527 bps, 19.09%, Err 6 (8.8e-006)
415.302 .... 310 packets received, 1534 bps, 19.17%, Err 6 (8.7e-006)
417.699 .... 313 packets received, 1539 bps, 19.24%, Err 6 (8.6e-006)
420.064 .... 316 packets received, 1545 bps, 19.32%, Err 6 (8.6e-006)
422.473 .... 319 packets received, 1551 bps, 19.39%, Err 6 (8.5e-006)
424.904 .... 322 packets received, 1557 bps, 19.46%, Err 6 (8.4e-006)
428.221 .... 323 packets received, 1549 bps, 19.37%, Err 7 (9.7e-006)
430.651 .... 326 packets received, 1555 bps, 19.44%, Err 7 (9.7e-006)
433.078 .... 329 packets received, 1560 bps, 19.51%, Err 7 (9.6e-006)
435.475 .... 332 packets received, 1566 bps, 19.58%, Err 7 (9.5e-006)
437.881 .... 335 packets received, 1571 bps, 19.64%, Err 8 (1.1e-005)
440.302 .... 338 packets received, 1577 bps, 19.71%, Err 8 (1.1e-005)
442.740 .... 341 packets received, 1582 bps, 19.78%, Err 8 (1.1e-005)
445.157 .... 344 packets received, 1587 bps, 19.84%, Err 8 (1.0e-005)
447.536 .... 347 packets received, 1593 bps, 19.91%, Err 8 (1.0e-005)
449.923 .... 350 packets received, 1598 bps, 19.97%, Err 8 (1.0e-005)
452.342 .... 353 packets received, 1603 bps, 20.04%, Err 8 (1.0e-005)
454.737 .... 356 packets received, 1608 bps, 20.10%, Err 8 (1.0e-005)
457.146 .... 359 packets received, 1613 bps, 20.16%, Err 8 (1.0e-005)
459.540 .... 362 packets received, 1618 bps, 20.22%, Err 8 (1.0e-005)
461.950 .... 365 packets received, 1623 bps, 20.28%, Err 8 (9.9e-006)
464.360 .... 368 packets received, 1628 bps, 20.34%, Err 8 (9.8e-006)
466.748 .... 371 packets received, 1632 bps, 20.41%, Err 8 (9.7e-006)
470.062 .... 372 packets received, 1625 bps, 20.32%, Err 9 (1.1e-005)
473.370 .... 373 packets received, 1618 bps, 20.23%, Err 10 (1.2e-005)
475.772 .... 376 packets received, 1623 bps, 20.29%, Err 10 (1.2e-005)
478.176 .... 379 packets received, 1628 bps, 20.35%, Err 10 (1.2e-005)
480.571 .... 382 packets received, 1632 bps, 20.40%, Err 10 (1.2e-005)
483.045 .... 385 packets received, 1637 bps, 20.46%, Err 10 (1.2e-005)
485.456 .... 388 packets received, 1641 bps, 20.52%, Err 10 (1.2e-005)
487.832 .... 391 packets received, 1646 bps, 20.57%, Err 10 (1.1e-005)
490.241 .... 394 packets received, 1650 bps, 20.63%, Err 10 (1.1e-005)
492.626 .... 397 packets received, 1655 bps, 20.69%, Err 10 (1.1e-005)
495.019 .... 400 packets received, 1659 bps, 20.74%, Err 10 (1.1e-005)
497.418 .... 403 packets received, 1664 bps, 20.79%, Err 10 (1.1e-005)
499.822 .... 406 packets received, 1668 bps, 20.85%, Err 10 (1.1e-005)
503.873 .... 407 packets received, 1659 bps, 20.73%, Err 10 (1.1e-005)
507.954 .... 408 packets received, 1649 bps, 20.62%, Err 10 (1.1e-005)
512.052 .... 409 packets received, 1640 bps, 20.50%, Err 10 (1.1e-005)
516.217 .... 410 packets received, 1631 bps, 20.38%, Err 10 (1.1e-005)
520.277 .... 411 packets received, 1622 bps, 20.27%, Err 10 (1.1e-005)
524.371 .... 412 packets received, 1613 bps, 20.16%, Err 10 (1.1e-005)
528.385 .... 413 packets received, 1605 bps, 20.06%, Err 10 (1.1e-005)
532.552 .... 414 packets received, 1596 bps, 19.95%, Err 10 (1.1e-005)
536.647 .... 415 packets received, 1588 bps, 19.84%, Err 10 (1.1e-005)
540.700 .... 416 packets received, 1579 bps, 19.74%, Err 10 (1.1e-005)
544.785 .... 417 packets received, 1571 bps, 19.64%, Err 10 (1.1e-005)
548.896 .... 418 packets received, 1563 bps, 19.54%, Err 10 (1.1e-005)
553.053 .... 419 packets received, 1555 bps, 19.44%, Err 10 (1.1e-005)
557.172 .... 420 packets received, 1547 bps, 19.34%, Err 10 (1.1e-005)
561.214 .... 421 packets received, 1540 bps, 19.25%, Err 10 (1.1e-005)
565.280 .... 422 packets received, 1532 bps, 19.16%, Err 10 (1.1e-005)
569.343 .... 423 packets received, 1525 bps, 19.06%, Err 10 (1.1e-005)
573.374 .... 424 packets received, 1518 bps, 18.97%, Err 10 (1.1e-005)
577.469 .... 425 packets received, 1511 bps, 18.88%, Err 10 (1.1e-005)
581.582 .... 426 packets received, 1503 bps, 18.79%, Err 10 (1.1e-005)
585.629 .... 427 packets received, 1497 bps, 18.71%, Err 10 (1.0e-005)
589.735 .... 428 packets received, 1490 bps, 18.62%, Err 10 (1.0e-005)
593.853 .... 429 packets received, 1483 bps, 18.53%, Err 10 (1.0e-005)
597.922 .... 430 packets received, 1476 bps, 18.45%, Err 10 (1.0e-005)
600.535 .... 431 packets received, 1473 bps, 18.41%, Err 10 (1.0e-005)
602.936 .... 434 packets received, 1477 bps, 18.47%, Err 10 (1.0e-005)
605.328 .... 437 packets received, 1482 bps, 18.52%, Err 10 (1.0e-005)
607.745 .... 440 packets received, 1486 bps, 18.57%, Err 10 (1.0e-005)
610.144 .... 443 packets received, 1490 bps, 18.63%, Err 10 (1.0e-005)
612.547 .... 446 packets received, 1494 bps, 18.68%, Err 10 (1.0e-005)
614.946 .... 449 packets received, 1498 bps, 18.73%, Err 10 (1.0e-005)
617.352 .... 452 packets received, 1503 bps, 18.78%, Err 10 (9.9e-006)
619.760 .... 455 packets received, 1507 bps, 18.83%, Err 10 (9.9e-006)
622.158 .... 458 packets received, 1511 bps, 18.88%, Err 10 (9.8e-006)
624.573 .... 461 packets received, 1515 bps, 18.93%, Err 10 (9.7e-006)
627.886 .... 462 packets received, 1510 bps, 18.88%, Err 11 (1.1e-005)
630.287 .... 465 packets received, 1514 bps, 18.93%, Err 11 (1.1e-005)
632.691 .... 468 packets received, 1518 bps, 18.98%, Err 11 (1.1e-005)
635.094 .... 471 packets received, 1522 bps, 19.02%, Err 11 (1.0e-005)
637.462 .... 474 packets received, 1526 bps, 19.07%, Err 11 (1.0e-005)
641.565 .... 476 packets received, 1523 bps, 19.03%, Err 12 (1.1e-005)
643.965 .... 479 packets received, 1526 bps, 19.08%, Err 12 (1.1e-005)
646.368 .... 482 packets received, 1530 bps, 19.13%, Err 12 (1.1e-005)
648.777 .... 485 packets received, 1534 bps, 19.18%, Err 12 (1.1e-005)
651.188 .... 488 packets received, 1538 bps, 19.22%, Err 12 (1.1e-005)
653.579 .... 491 packets received, 1542 bps, 19.27%, Err 12 (1.1e-005)
656.006 .... 494 packets received, 1545 bps, 19.32%, Err 12 (1.1e-005)
658.432 .... 497 packets received, 1549 bps, 19.36%, Err 12 (1.1e-005)
660.832 .... 500 packets received, 1553 bps, 19.41%, Err 12 (1.1e-005)
663.219 .... 503 packets received, 1556 bps, 19.45%, Err 12 (1.1e-005)
665.623 .... 506 packets received, 1560 bps, 19.50%, Err 12 (1.1e-005)
668.027 .... 509 packets received, 1563 bps, 19.54%, Err 12 (1.1e-005)
670.464 .... 512 packets received, 1567 bps, 19.59%, Err 12 (1.1e-005)
672.863 .... 515 packets received, 1571 bps, 19.63%, Err 12 (1.0e-005)
675.273 .... 518 packets received, 1574 bps, 19.68%, Err 12 (1.0e-005)
677.675 .... 521 packets received, 1578 bps, 19.72%, Err 12 (1.0e-005)
680.076 .... 524 packets received, 1581 bps, 19.76%, Err 12 (1.0e-005)
682.474 .... 527 packets received, 1584 bps, 19.81%, Err 12 (1.0e-005)
684.873 .... 530 packets received, 1588 bps, 19.85%, Err 12 (1.0e-005)
687.265 .... 533 packets received, 1591 bps, 19.89%, Err 12 (1.0e-005)
689.656 .... 536 packets received, 1595 bps, 19.93%, Err 12 (1.0e-005)
692.099 .... 539 packets received, 1598 bps, 19.97%, Err 12 (1.0e-005)
694.530 .... 542 packets received, 1601 bps, 20.02%, Err 12 (9.9e-006)
696.941 .... 545 packets received, 1604 bps, 20.06%, Err 12 (9.9e-006)
699.339 .... 548 packets received, 1608 bps, 20.10%, Err 13 (1.1e-005)
704.224 .... 550 packets received, 1602 bps, 20.03%, Err 13 (1.1e-005)
708.290 .... 551 packets received, 1596 bps, 19.95%, Err 13 (1.1e-005)
712.450 .... 552 packets received, 1590 bps, 19.87%, Err 13 (1.1e-005)
716.577 .... 553 packets received, 1583 bps, 19.79%, Err 13 (1.1e-005)
720.622 .... 554 packets received, 1577 bps, 19.72%, Err 13 (1.1e-005)
724.663 .... 555 packets received, 1571 bps, 19.64%, Err 13 (1.1e-005)
728.781 .... 556 packets received, 1565 bps, 19.57%, Err 13 (1.0e-005)
732.983 .... 557 packets received, 1559 bps, 19.49%, Err 13 (1.0e-005)
737.027 .... 558 packets received, 1553 bps, 19.42%, Err 13 (1.0e-005)
741.081 .... 559 packets received, 1548 bps, 19.34%, Err 13 (1.0e-005)
745.207 .... 560 packets received, 1542 bps, 19.27%, Err 13 (1.0e-005)
749.285 .... 561 packets received, 1536 bps, 19.20%, Err 13 (1.0e-005)
753.428 .... 562 packets received, 1530 bps, 19.13%, Err 13 (1.0e-005)
757.525 .... 563 packets received, 1525 bps, 19.06%, Err 13 (1.0e-005)
761.610 .... 564 packets received, 1519 bps, 18.99%, Err 13 (1.0e-005)
765.675 .... 565 packets received, 1514 bps, 18.92%, Err 13 (1.0e-005)
769.741 .... 566 packets received, 1508 bps, 18.86%, Err 13 (1.0e-005)
773.817 .... 567 packets received, 1503 bps, 18.79%, Err 13 (1.0e-005)
777.830 .... 568 packets received, 1498 bps, 18.73%, Err 13 (1.0e-005)
781.969 .... 569 packets received, 1493 bps, 18.66%, Err 13 (1.0e-005)
786.087 .... 570 packets received, 1487 bps, 18.59%, Err 13 (1.0e-005)
790.169 .... 571 packets received, 1482 bps, 18.53%, Err 13 (1.0e-005)
794.185 .... 572 packets received, 1477 bps, 18.47%, Err 13 (1.0e-005)
798.246 .... 573 packets received, 1472 bps, 18.41%, Err 13 (1.0e-005)
800.523 .... 574 packets received, 1471 bps, 18.39%, Err 13 (1.0e-005)
802.919 .... 577 packets received, 1474 bps, 18.43%, Err 13 (1.0e-005)
805.299 .... 580 packets received, 1477 bps, 18.47%, Err 13 (1.0e-005)
807.723 .... 583 packets received, 1481 bps, 18.51%, Err 13 (1.0e-005)
810.136 .... 586 packets received, 1484 bps, 18.55%, Err 13 (9.9e-006)
813.462 .... 587 packets received, 1480 bps, 18.50%, Err 14 (1.1e-005)
815.907 .... 590 packets received, 1483 bps, 18.54%, Err 14 (1.1e-005)
818.340 .... 593 packets received, 1486 bps, 18.58%, Err 14 (1.1e-005)
820.825 .... 596 packets received, 1489 bps, 18.62%, Err 14 (1.1e-005)
823.243 .... 599 packets received, 1492 bps, 18.66%, Err 14 (1.0e-005)
825.668 .... 602 packets received, 1496 bps, 18.69%, Err 14 (1.0e-005)
828.117 .... 605 packets received, 1499 bps, 18.73%, Err 14 (1.0e-005)
830.544 .... 608 packets received, 1502 bps, 18.77%, Err 14 (1.0e-005)
832.972 .... 611 packets received, 1505 bps, 18.81%, Err 14 (1.0e-005)
835.383 .... 614 packets received, 1508 bps, 18.85%, Err 14 (1.0e-005)
837.817 .... 617 packets received, 1511 bps, 18.88%, Err 14 (1.0e-005)
840.220 .... 620 packets received, 1514 bps, 18.92%, Err 14 (1.0e-005)
842.640 .... 623 packets received, 1517 bps, 18.96%, Err 14 (1.0e-005)
845.048 .... 626 packets received, 1519 bps, 18.99%, Err 14 (1.0e-005)
847.446 .... 629 packets received, 1522 bps, 19.03%, Err 14 (1.0e-005)
849.862 .... 632 packets received, 1525 bps, 19.07%, Err 14 (9.9e-006)
852.314 .... 635 packets received, 1528 bps, 19.10%, Err 14 (9.9e-006)
854.718 .... 638 packets received, 1531 bps, 19.14%, Err 14 (9.8e-006)
857.143 .... 641 packets received, 1534 bps