000.000 =============================================================
000.000                     Station B                               
000.000 -------------------------------------------------------------
000.000 Protocol.lib, version 4.0, jiangyanjun0718@bupt.edu.cn
000.000 Channel: 8000 bps, 270 ms propagation delay, bit error rate 1.0E-005
000.000 Log file "stopwait-B.log", TCP port 59144, debug mask 0x00
000.000 Station B is connecting station A (TCP port 59144) ... Done.
000.630 New epoch: Sun Oct 28 16:49:25 2018
000.630 =================================================================
000.631 
000.631 Designed by Jiang Yanjun, build: Oct 28 2018  16:36:26
002.943 .... 3 packets received, 3028 bps, 37.85%, Err 0 (0.0e+000)
005.390 .... 6 packets received, 2745 bps, 34.32%, Err 0 (0.0e+000)
007.801 .... 9 packets received, 2676 bps, 33.45%, Err 0 (0.0e+000)
010.233 .... 12 packets received, 2637 bps, 32.96%, Err 0 (0.0e+000)
012.655 .... 15 packets received, 2616 bps, 32.71%, Err 0 (0.0e+000)
015.069 .... 18 packets received, 2604 bps, 32.55%, Err 0 (0.0e+000)
017.486 .... 21 packets received, 2595 bps, 32.44%, Err 0 (0.0e+000)
019.897 .... 24 packets received, 2589 bps, 32.37%, Err 0 (0.0e+000)
022.301 .... 27 packets received, 2585 bps, 32.32%, Err 0 (0.0e+000)
024.732 .... 30 packets received, 2580 bps, 32.24%, Err 0 (0.0e+000)
027.148 .... 33 packets received, 2576 bps, 32.20%, Err 0 (0.0e+000)
029.565 .... 36 packets received, 2573 bps, 32.17%, Err 0 (0.0e+000)
031.962 .... 39 packets received, 2573 bps, 32.16%, Err 1 (1.2e-005)
034.376 .... 42 packets received, 2571 bps, 32.13%, Err 1 (1.1e-005)
036.764 .... 45 packets received, 2571 bps, 32.13%, Err 1 (1.0e-005)
039.158 .... 48 packets received, 2570 bps, 32.13%, Err 1 (9.6e-006)
041.565 .... 51 packets received, 2569 bps, 32.12%, Err 1 (9.0e-006)
043.974 .... 54 packets received, 2568 bps, 32.10%, Err 1 (8.5e-006)
046.406 .... 57 packets received, 2566 bps, 32.08%, Err 1 (8.1e-006)
048.840 .... 60 packets received, 2564 bps, 32.05%, Err 1 (7.7e-006)
052.142 .... 61 packets received, 2439 bps, 30.48%, Err 2 (1.5e-005)
054.545 .... 64 packets received, 2444 bps, 30.55%, Err 2 (1.4e-005)
056.941 .... 67 packets received, 2449 bps, 30.61%, Err 2 (1.4e-005)
059.339 .... 70 packets received, 2454 bps, 30.67%, Err 2 (1.3e-005)
061.753 .... 73 packets received, 2457 bps, 30.72%, Err 2 (1.2e-005)
066.692 .... 76 packets received, 2366 bps, 29.58%, Err 3 (1.8e-005)
069.098 .... 79 packets received, 2373 bps, 29.66%, Err 3 (1.7e-005)
071.497 .... 82 packets received, 2379 bps, 29.74%, Err 3 (1.6e-005)
073.906 .... 85 packets received, 2385 bps, 29.81%, Err 3 (1.6e-005)
076.324 .... 88 packets received, 2390 bps, 29.87%, Err 3 (1.5e-005)
078.731 .... 91 packets received, 2395 bps, 29.94%, Err 3 (1.5e-005)
081.132 .... 94 packets received, 2400 bps, 30.00%, Err 3 (1.4e-005)
083.536 .... 97 packets received, 2404 bps, 30.05%, Err 3 (1.4e-005)
085.940 .... 100 packets received, 2409 bps, 30.11%, Err 3 (1.4e-005)
088.352 .... 103 packets received, 2412 bps, 30.16%, Err 3 (1.3e-005)
090.758 .... 106 packets received, 2416 bps, 30.20%, Err 3 (1.3e-005)
093.164 .... 109 packets received, 2420 bps, 30.25%, Err 3 (1.2e-005)
095.589 .... 112 packets received, 2423 bps, 30.28%, Err 3 (1.2e-005)
098.026 .... 115 packets received, 2425 bps, 30.32%, Err 3 (1.2e-005)
100.458 .... 118 packets received, 2428 bps, 30.35%, Err 3 (1.2e-005)
102.875 .... 121 packets received, 2430 bps, 30.38%, Err 3 (1.1e-005)
105.296 .... 124 packets received, 2433 bps, 30.41%, Err 3 (1.1e-005)
107.737 .... 127 packets received, 2435 bps, 30.44%, Err 3 (1.1e-005)
110.151 .... 130 packets received, 2437 bps, 30.47%, Err 3 (1.1e-005)
112.568 .... 133 packets received, 2440 bps, 30.49%, Err 3 (1.0e-005)
114.994 .... 136 packets received, 2442 bps, 30.52%, Err 3 (1.0e-005)
117.406 .... 139 packets received, 2444 bps, 30.55%, Err 3 (9.8e-006)
119.972 .... 142 packets received, 2443 bps, 30.53%, Err 3 (9.6e-006)
122.385 .... 145 packets received, 2445 bps, 30.56%, Err 3 (9.5e-006)
124.894 .... 148 packets received, 2445 bps, 30.56%, Err 3 (9.3e-006)
127.306 .... 151 packets received, 2447 bps, 30.58%, Err 3 (9.1e-006)
129.765 .... 154 packets received, 2448 bps, 30.60%, Err 3 (8.9e-006)
132.185 .... 157 packets received, 2449 bps, 30.62%, Err 3 (8.7e-006)
134.569 .... 160 packets received, 2452 bps, 30.65%, Err 3 (8.6e-006)
137.114 .... 163 packets received, 2451 bps, 30.64%, Err 3 (8.4e-006)
139.514 .... 166 packets received, 2453 bps, 30.66%, Err 3 (8.3e-006)
142.804 .... 167 packets received, 2410 bps, 30.13%, Err 3 (8.2e-006)
145.127 .... 169 packets received, 2400 bps, 30.00%, Err 3 (8.1e-006)
147.532 .... 172 packets received, 2403 bps, 30.03%, Err 3 (8.0e-006)
149.947 .... 175 packets received, 2405 bps, 30.06%, Err 4 (1.0e-005)
152.350 .... 178 packets received, 2407 bps, 30.09%, Err 4 (1.0e-005)
154.749 .... 181 packets received, 2410 bps, 30.12%, Err 4 (1.0e-005)
157.142 .... 184 packets received, 2412 bps, 30.15%, Err 4 (9.9e-006)
159.528 .... 187 packets received, 2415 bps, 30.18%, Err 4 (9.8e-006)
161.940 .... 190 packets received, 2417 bps, 30.21%, Err 4 (9.6e-006)
164.345 .... 193 packets received, 2419 bps, 30.23%, Err 4 (9.5e-006)
168.481 .... 195 packets received, 2383 bps, 29.79%, Err 5 (1.2e-005)
170.880 .... 198 packets received, 2386 bps, 29.82%, Err 5 (1.2e-005)
173.280 .... 201 packets received, 2388 bps, 29.85%, Err 5 (1.1e-005)
175.672 .... 204 packets received, 2391 bps, 29.88%, Err 5 (1.1e-005)
179.812 .... 206 packets received, 2358 bps, 29.48%, Err 5 (1.1e-005)
182.022 .... 208 packets received, 2352 bps, 29.40%, Err 5 (1.1e-005)
184.423 .... 211 packets received, 2355 bps, 29.44%, Err 5 (1.1e-005)
186.825 .... 214 packets received, 2357 bps, 29.47%, Err 5 (1.1e-005)
189.218 .... 217 packets received, 2360 bps, 29.50%, Err 5 (1.0e-005)
191.630 .... 220 packets received, 2362 bps, 29.53%, Err 5 (1.0e-005)
194.029 .... 223 packets received, 2365 bps, 29.56%, Err 5 (1.0e-005)
196.428 .... 226 packets received, 2367 bps, 29.59%, Err 5 (1.0e-005)
198.824 .... 229 packets received, 2370 bps, 29.62%, Err 5 (1.0e-005)
201.245 .... 232 packets received, 2372 bps, 29.65%, Err 5 (9.8e-006)
203.639 .... 235 packets received, 2374 bps, 29.68%, Err 5 (9.7e-006)
206.046 .... 238 packets received, 2376 bps, 29.70%, Err 5 (9.6e-006)
208.462 .... 241 packets received, 2378 bps, 29.73%, Err 5 (9.5e-006)
210.873 .... 244 packets received, 2380 bps, 29.75%, Err 5 (9.4e-006)
213.299 .... 247 packets received, 2382 bps, 29.77%, Err 5 (9.2e-006)
215.712 .... 250 packets received, 2384 bps, 29.80%, Err 5 (9.1e-006)
218.123 .... 253 packets received, 2385 bps, 29.82%, Err 5 (9.0e-006)
220.532 .... 256 packets received, 2387 bps, 29.84%, Err 5 (8.9e-006)
222.937 .... 259 packets received, 2389 bps, 29.86%, Err 6 (1.1e-005)
225.330 .... 262 packets received, 2391 bps, 29.89%, Err 6 (1.0e-005)
227.740 .... 265 packets received, 2393 bps, 29.91%, Err 6 (1.0e-005)
230.144 .... 268 packets received, 2394 bps, 29.93%, Err 6 (1.0e-005)
232.537 .... 271 packets received, 2396 bps, 29.95%, Err 6 (1.0e-005)
234.950 .... 274 packets received, 2398 bps, 29.97%, Err 6 (1.0e-005)
237.344 .... 277 packets received, 2399 bps, 29.99%, Err 6 (9.9e-006)
239.755 .... 280 packets received, 2401 bps, 30.01%, Err 6 (9.8e-006)
242.152 .... 283 packets received, 2403 bps, 30.03%, Err 6 (9.7e-006)
244.567 .... 286 packets received, 2404 bps, 30.05%, Err 6 (9.6e-006)
246.974 .... 289 packets received, 2405 bps, 30.07%, Err 6 (9.5e-006)
249.367 .... 292 packets received, 2407 bps, 30.09%, Err 6 (9.4e-006)
251.775 .... 295 packets received, 2408 bps, 30.10%, Err 6 (9.3e-006)
254.189 .... 298 packets received, 2410 bps, 30.12%, Err 6 (9.2e-006)
256.585 .... 301 packets received, 2411 bps, 30.14%, Err 6 (9.1e-006)
258.977 .... 304 packets received, 2413 bps, 30.16%, Err 6 (9.0e-006)
261.371 .... 307 packets received, 2414 bps, 30.17%, Err 6 (8.9e-006)
263.784 .... 310 packets received, 2415 bps, 30.19%, Err 6 (8.9e-006)
266.187 .... 313 packets received, 2416 bps, 30.21%, Err 6 (8.8e-006)
268.590 .... 316 packets received, 2418 bps, 30.22%, Err 6 (8.7e-006)
271.897 .... 317 packets received, 2396 bps, 29.95%, Err 7 (1.0e-005)
274.308 .... 320 packets received, 2397 bps, 29.96%, Err 7 (1.0e-005)
276.704 .... 323 packets received, 2399 bps, 29.98%, Err 7 (9.9e-006)
279.114 .... 326 packets received, 2400 bps, 30.00%, Err 7 (9.8e-006)
281.524 .... 329 packets received, 2401 bps, 30.01%, Err 7 (9.7e-006)
283.924 .... 332 packets received, 2403 bps, 30.03%, Err 7 (9.6e-006)
286.338 .... 335 packets received, 2404 bps, 30.05%, Err 7 (9.5e-006)
288.733 .... 338 packets received, 2405 bps, 30.06%, Err 7 (9.4e-006)
291.123 .... 341 packets received, 2406 bps, 30.08%, Err 7 (9.4e-006)
293.516 .... 344 packets received, 2408 bps, 30.10%, Err 7 (9.3e-006)
295.909 .... 347 packets received, 2409 bps, 30.11%, Err 7 (9.2e-006)
298.298 .... 350 packets received, 2410 bps, 30.13%, Err 7 (9.1e-006)
300.703 .... 353 packets received, 2412 bps, 30.14%, Err 7 (9.1e-006)
303.121 .... 356 packets received, 2413 bps, 30.16%, Err 7 (9.0e-006)
305.539 .... 359 packets received, 2414 bps, 30.17%, Err 7 (8.9e-006)
307.948 .... 362 packets received, 2415 bps, 30.18%, Err 7 (8.8e-006)
311.258 .... 363 packets received, 2395 bps, 29.94%, Err 7 (8.8e-006)
313.799 .... 365 packets received, 2389 bps, 29.86%, Err 7 (8.7e-006)
316.222 .... 368 packets received, 2390 bps, 29.88%, Err 7 (8.7e-006)
319.520 .... 369 packets received, 2372 bps, 29.65%, Err 7 (8.6e-006)
321.703 .... 371 packets received, 2369 bps, 29.61%, Err 7 (8.6e-006)
324.095 .... 374 packets received, 2370 bps, 29.63%, Err 7 (8.5e-006)
326.490 .... 377 packets received, 2371 bps, 29.64%, Err 7 (8.4e-006)
328.914 .... 380 packets received, 2373 bps, 29.66%, Err 7 (8.4e-006)
331.348 .... 383 packets received, 2374 bps, 29.67%, Err 7 (8.3e-006)
333.768 .... 386 packets received, 2375 bps, 29.69%, Err 7 (8.3e-006)
336.174 .... 389 packets received, 2376 bps, 29.70%, Err 7 (8.2e-006)
338.578 .... 392 packets received, 2378 bps, 29.72%, Err 7 (8.1e-006)
340.997 .... 395 packets received, 2379 bps, 29.73%, Err 7 (8.1e-006)
343.411 .... 398 packets received, 2380 bps, 29.75%, Err 7 (8.0e-006)
345.826 .... 401 packets received, 2381 bps, 29.76%, Err 7 (8.0e-006)
348.219 .... 404 packets received, 2382 bps, 29.78%, Err 7 (7.9e-006)
350.684 .... 407 packets received, 2383 bps, 29.79%, Err 7 (7.8e-006)
353.101 .... 410 packets received, 2384 bps, 29.80%, Err 7 (7.8e-006)
356.428 .... 411 packets received, 2368 bps, 29.60%, Err 7 (7.8e-006)
358.656 .... 413 packets received, 2364 bps, 29.55%, Err 7 (7.7e-006)
361.982 .... 414 packets received, 2348 bps, 29.35%, Err 8 (8.8e-006)
364.396 .... 417 packets received, 2350 bps, 29.37%, Err 8 (8.7e-006)
367.048 .... 420 packets received, 2349 bps, 29.37%, Err 8 (8.7e-006)
369.444 .... 423 packets received, 2351 bps, 29.38%, Err 8 (8.6e-006)
372.744 .... 424 packets received, 2335 bps, 29.19%, Err 8 (8.6e-006)
374.998 .... 426 packets received, 2332 bps, 29.15%, Err 8 (8.5e-006)
377.409 .... 429 packets received, 2334 bps, 29.17%, Err 8 (8.5e-006)
379.808 .... 432 packets received, 2335 bps, 29.19%, Err 8 (8.4e-006)
382.234 .... 435 packets received, 2336 bps, 29.20%, Err 8 (8.4e-006)
384.667 .... 438 packets received, 2338 bps, 29.22%, Err 8 (8.3e-006)
387.133 .... 441 packets received, 2338 bps, 29.23%, Err 8 (8.2e-006)
389.568 .... 444 packets received, 2340 bps, 29.25%, Err 8 (8.2e-006)
391.998 .... 447 packets received, 2341 bps, 29.26%, Err 8 (8.1e-006)
394.447 .... 450 packets received, 2342 bps, 29.27%, Err 8 (8.1e-006)
396.847 .... 453 packets received, 2343 bps, 29.29%, Err 8 (8.0e-006)
399.276 .... 456 packets received, 2344 bps, 29.30%, Err 8 (8.0e-006)
401.683 .... 459 packets received, 2346 bps, 29.32%, Err 8 (7.9e-006)
404.080 .... 462 packets received, 2347 bps, 29.34%, Err 8 (7.9e-006)
406.471 .... 465 packets received, 2348 bps, 29.35%, Err 8 (7.8e-006)
408.876 .... 468 packets received, 2349 bps, 29.37%, Err 8 (7.8e-006)
411.279 .... 471 packets received, 2351 bps, 29.38%, Err 8 (7.7e-006)
413.675 .... 474 packets received, 2352 bps, 29.40%, Err 8 (7.7e-006)
416.074 .... 477 packets received, 2353 bps, 29.41%, Err 8 (7.6e-006)
418.491 .... 480 packets received, 2354 bps, 29.43%, Err 8 (7.6e-006)
420.906 .... 483 packets received, 2355 bps, 29.44%, Err 8 (7.5e-006)
423.304 .... 486 packets received, 2356 bps, 29.46%, Err 8 (7.5e-006)
425.735 .... 489 packets received, 2357 bps, 29.47%, Err 8 (7.4e-006)
428.161 .... 492 packets received, 2358 bps, 29.48%, Err 8 (7.4e-006)
430.593 .... 495 packets received, 2359 bps, 29.49%, Err 8 (7.4e-006)
432.999 .... 498 packets received, 2360 bps, 29.51%, Err 8 (7.3e-006)
435.427 .... 501 packets received, 2361 bps, 29.52%, Err 8 (7.3e-006)
437.867 .... 504 packets received, 2362 bps, 29.53%, Err 8 (7.2e-006)
440.298 .... 507 packets received, 2363 bps, 29.54%, Err 8 (7.2e-006)
442.732 .... 510 packets received, 2364 bps, 29.55%, Err 8 (7.1e-006)
445.146 .... 513 packets received, 2365 bps, 29.56%, Err 8 (7.1e-006)
447.549 .... 516 packets received, 2366 bps, 29.58%, Err 8 (7.1e-006)
449.935 .... 519 packets received, 2367 bps, 29.59%, Err 8 (7.0e-006)
452.338 .... 522 packets received, 2368 bps, 29.60%, Err 8 (7.0e-006)
454.750 .... 525 packets received, 2369 bps, 29.61%, Err 8 (6.9e-006)
457.156 .... 528 packets received, 2370 bps, 29.63%, Err 8 (6.9e-006)
459.567 .... 531 packets received, 2371 bps, 29.64%, Err 8 (6.9e-006)
461.964 .... 534 packets received, 2372 bps, 29.65%, Err 8 (6.8e-006)
464.385 .... 537 packets received, 2373 bps, 29.66%, Err 8 (6.8e-006)
467.692 .... 538 packets received, 2360 bps, 29.51%, Err 9 (7.6e-006)
470.093 .... 541 packets received, 2362 bps, 29.52%, Err 9 (7.6e-006)
472.475 .... 544 packets received, 2363 bps, 29.53%, Err 9 (7.5e-006)
474.887 .... 547 packets received, 2364 bps, 29.54%, Err 9 (7.5e-006)
477.289 .... 550 packets received, 2365 bps, 29.56%, Err 9 (7.4e-006)
479.708 .... 553 packets received, 2365 bps, 29.57%, Err 9 (7.4e-006)
482.123 .... 556 packets received, 2366 bps, 29.58%, Err 9 (7.4e-006)
484.576 .... 559 packets received, 2367 bps, 29.59%, Err 9 (7.3e-006)
487.013 .... 562 packets received, 2368 bps, 29.60%, Err 9 (7.3e-006)
489.430 .... 565 packets received, 2369 bps, 29.61%, Err 9 (7.3e-006)
491.834 .... 568 packets received, 2370 bps, 29.62%, Err 9 (7.2e-006)
494.227 .... 571 packets received, 2371 bps, 29.63%, Err 9 (7.2e-006)
496.624 .... 574 packets received, 2371 bps, 29.64%, Err 9 (7.1e-006)
499.014 .... 577 packets received, 2372 bps, 29.66%, Err 9 (7.1e-006)
501.415 .... 580 packets received, 2373 bps, 29.67%, Err 9 (7.1e-006)
503.826 .... 583 packets received, 2374 bps, 29.68%, Err 9 (7.0e-006)
506.235 .... 586 packets received, 2375 bps, 29.69%, Err 9 (7.0e-006)
508.664 .... 589 packets received, 2376 bps, 29.70%, Err 9 (7.0e-006)
511.069 .... 592 packets received, 2377 bps, 29.71%, Err 9 (6.9e-006)
513.476 .... 595 packets received, 2377 bps, 29.72%, Err 9 (6.9e-006)
515.876 .... 598 packets received, 2378 bps, 29.73%, Err 9 (6.9e-006)
520.547 .... 599 packets received, 2361 bps, 29.51%, Err 10 (7.6e-006)
522.935 .... 602 packets received, 2362 bps, 29.52%, Err 10 (7.6e-006)
525.331 .... 605 packets received, 2363 bps, 29.53%, Err 10 (7.5e-006)
527.721 .... 608 packets received, 2364 bps, 29.55%, Err 10 (7.5e-006)
530.115 .... 611 packets received, 2365 bps, 29.56%, Err 10 (7.5e-006)
532.508 .... 614 packets received, 2365 bps, 29.57%, Err 10 (7.4e-006)
534.901 .... 617 packets received, 2366 bps, 29.58%, Err 10 (7.4e-006)
537.315 .... 620 packets received, 2367 bps, 29.59%, Err 10 (7.4e-006)
539.709 .... 623 packets received, 2368 bps, 29.60%, Err 10 (7.3e-006)
542.103 .... 626 packets received, 2369 bps, 29.61%, Err 10 (7.3e-006)
544.501 .... 629 packets received, 2370 bps, 29.62%, Err 10 (7.3e-006)
547.792 .... 630 packets received, 2359 bps, 29.49%, Err 10 (7.2e-006)
549.960 .... 632 packets received, 2357 bps, 29.47%, Err 10 (7.2e-006)
552.365 .... 635 packets received, 2358 bps, 29.48%, Err 10 (7.2e-006)
554.746 .... 638 packets received, 2359 bps, 29.49%, Err 10 (7.1e-006)
557.161 .... 641 packets received, 2360 bps, 29.50%, Err 10 (7.1e-006)
559.562 .... 644 packets received, 2361 bps, 29.51%, Err 10 (7.1e-006)
561.958 .... 647 packets received, 2362 bps, 29.52%, Err 10 (7.0e-006)
564.361 .... 650 packets received, 2363 bps, 29.53%, Err 10 (7.0e-006)
566.762 .... 653 packets received, 2363 bps, 29.54%, Err 10 (7.0e-006)
569.161 .... 656 packets received, 2364 bps, 29.55%, Err 10 (7.0e-006)
572.212 .... 657 packets received, 2355 bps, 29.44%, Err 11 (7.6e-006)
574.715 .... 660 packets received, 2356 bps, 29.45%, Err 11 (7.6e-006)
577.118 .... 663 packets received, 2356 bps, 29.46%, Err 11 (7.6e-006)
579.628 .... 666 packets received, 2357 bps, 29.46%, Err 11 (7.5e-006)
582.127 .... 669 packets received, 2357 bps, 29.47%, Err 11 (7.5e-006)
584.532 .... 672 packets received, 2358 bps, 29.48%, Err 11 (7.5e-006)
586.982 .... 675 packets received, 2359 bps, 29.48%, Err 11 (7.4e-006)
589.392 .... 678 packets received, 2360 bps, 29.49%, Err 11 (7.4e-006)
592.691 .... 679 packets received, 2350 bps, 29.37%, Err 11 (7.4e-006)
594.930 .... 681 packets received, 2348 bps, 29.35%, Err 11 (7.4e-006)
597.342 .... 684 packets received, 2349 bps, 29.36%, Err 11 (7.3e-006)
599.734 .... 687 packets received, 2350 bps, 29.37%, Err 11 (7.3e-006)
602.127 .... 690 packets received, 2350 bps, 29.38%, Err 11 (7.3e-006)
604.546 .... 693 packets received, 2351 bps, 29.39%, Err 11 (7.2e-006)
606.939 .... 696 packets received, 2352 bps, 29.40%, Err 11 (7.2e-006)
609.341 .... 699 packets received, 2353 bps, 29.41%, Err 11 (7.2e-006)
611.758 .... 702 packets received, 2354 bps, 29.42%, Err 11 (7.1e-006)
614.151 .... 705 packets received, 2354 bps, 29.43%, Err 11 (7.1e-006)
616.552 .... 708 packets received, 2355 bps, 29.44%, Err 11 (7.1e-006)
618.953 .... 711 packets received, 2356 bps, 29.45%, Err 11 (7.0e-006)
621.354 .... 714 packets received, 2357 bps, 29.46%, Err 11 (7.0e-006)
623.766 .... 717 packets received, 2358 bps, 29.47%, Err 11 (7.0e-006)
626.174 .... 720 packets received, 2358 bps, 29.48%, Err 11 (7.0e-006)
628.596 .... 723 packets received, 2359 bps, 29.49%, Err 11 (6.9e-006)
631.021 .... 726 packets received, 2360 bps, 29.50%, Err 11 (6.9e-006)
633.416 .... 729 packets received, 2360 bps, 29.51%, Err 11 (6.9e-006)
635.833 .... 732 packets received, 2361 bps, 29.51%, Err 11 (6.8e-006)
638.242 .... 735 packets received, 2362 bps, 29.52%, Err 11 (6.8e-006)
640.633 .... 738 packets received, 2363 bps, 29.53%, Err 11 (6.8e-006)
643.029 .... 741 packets received, 2363 bps, 29.54%, Err 11 (6.8e-006)
645.437 .... 744 packets received, 2364 bps, 29.55%, Err 11 (6.7e-006)
647.850 .... 747 packets received, 2365 bps, 29.56%, Err 11 (6.7e-006)
650.288 .... 750 packets received, 2365 bps, 29.57%, Err 11 (6.7e-006)
655.237 .... 753 packets received, 2357 bps, 29.46%, Err 12 (7.3e-006)
657.632 .... 756 packets received, 2358 bps, 29.47%, Err 12 (7.2e-006)
660.026 .... 759 packets received, 2358 bps, 29.48%, Err 12 (7.2e-006)
662.427 .... 762 packets received, 2359 bps, 29.49%, Err 12 (7.2e-006)
664.840 .... 765 packets received, 2360 bps, 29.50%, Err 12 (7.1e-006)
667.252 .... 768 packets received, 2360 bps, 29.51%, Err 12 (7.1e-006)
669.661 .... 771 packets received, 2361 bps, 29.51%, Err 12 (7.1e-006)
672.065 .... 774 packets received, 2362 bps, 29.52%, Err 12 (7.1e-006)
674.459 .... 777 packets received, 2363 bps, 29.53%, Err 12 (7.0e-006)
676.870 .... 780 packets received, 2363 bps, 29.54%, Err 12 (7.0e-006)
679.266 .... 783 packets received, 2364 bps, 29.55%, Err 12 (7.0e-006)
681.665 .... 786 packets received, 2365 bps, 29.56%, Err 12 (7.0e-006)
685.771 .... 788 packets received, 2356 bps, 29.46%, Err 13 (7.5e-006)
689.079 .... 789 packets received, 2348 bps, 29.35%, Err 14 (8.1e-006)
691.487 .... 792 packets received, 2349 bps, 29.36%, Err 14 (8.0e-006)
693.879 .... 795 packets received, 2350 bps, 29.37%, Err 14 (8.0e-006)
696.282 .... 798 packets received, 2350 bps, 29.38%, Err 14 (8.0e-006)
698.677 .... 801 packets received, 2351 bps, 29.39%, Err 14 (7.9e-006)
701.097 .... 804 packets received, 2352 bps, 29.40%, Err 14 (7.9e-006)
703.492 .... 807 packets received, 2352 bps, 29.40%, Err 14 (7.9e-006)
705.892 .... 810 packets received, 2353 bps, 29.41%, Err 14 (7.9e-006)
708.292 .... 813 packets received, 2354 bps, 29.42%, Err 14 (7.8e-006)
710.696 .... 816 packets received, 2354 bps, 29.43%, Err 14 (7.8e-006)
713.101 .... 819 packets received, 2355 bps, 29.44%, Err 14 (7.8e-006)
715.512 .... 822 packets received, 2356 bps, 29.45%, Err 14 (7.7e-006)
717.950 .... 825 packets received, 2356 bps, 29.45%, Err 14 (7.7e-006)
720.364 .... 828 packets received, 2357 bps, 29.46%, Err 14 (7.7e-006)
722.760 .... 831 packets received, 2358 bps, 29.47%, Err 14 (7.7e-006)
725.219 .... 834 packets received, 2358 bps, 29.48%, Err 14 (7.6e-006)
727.623 .... 837 packets received, 2359 bps, 29.49%, Err 14 (7.6e-006)
730.125 .... 840 packets received, 2359 bps, 29.49%, Err 14 (7.6e-006)
732.526 .... 843 packets received, 2360 bps, 29.50%, Err 14 (7.6e-006)
735.831 .... 844 packets received, 2352 bps, 29.40%, Err 14 (7.5e-006)
738.104 .... 846 packets received, 2350 bps, 29.38%, Err 14 (7.5e-006)
740.511 .... 849 packets received, 2351 bps, 29.39%, Err 14 (7.5e-006)
742.893 .... 852 packets received, 2352 bps, 29.40%, Err 14 (7.5e-006)
745.294 .... 855 packets received, 2352 bps, 29.40%, Err 14 (7.4e-006)
747.712 .... 858 packets received, 2353 bps, 29.41%, Err 14 (7.4e-006)
750.110 .... 861 packets received, 2354 bps, 29.42%, Err 14 (7.4e-006)
752.519 .... 864 packets received, 2354 bps, 29.43%, Err 14 (7.4e-006)
754.939 .... 867 packets received, 2355 bps, 29.44%, Err 14 (7.3e-006)
757.330 .... 870 packets received, 2356 bps, 29.44%, Err 14 (7.3e-006)
759.724 .... 873 packets received, 2356 bps, 29.45%, Err 14 (7.3e-006)
763.026 .... 874 packets received, 2349 bps, 29.36%, Err 15 (7.8e-006)
765.425 .... 877 packets received, 2349 bps, 29.37%, Err 15 (7.8e-006)
767.860 .... 880 packets received, 2350 bps, 29.37%, Err 15 (7.8e-006)
772.767 .... 883 packets received, 2343 bps, 29.29%, Err 15 (7.7e-006)
776.583 .... 884 packets received, 2334 bps, 29.18%, Err 16 (8.2e-006)
779.183 .... 887 packets received, 2334 bps, 29.18%, Err 16 (8.2e-006)
781.599 .... 890 packets received, 2335 bps, 29.18%, Err 16 (8.2e-006)
784.888 .... 891 packets received, 2328 bps, 29.09%, Err 16 (8.1e-006)
787.181 .... 893 packets received, 2326 bps, 29.08%, Err 16 (8.1e-006)
789.601 .... 896 packets received, 2327 bps, 29.08%, Err 16 (8.1e-006)
793.709 .... 898 packets received, 2320 bps, 29.00%, Err 17 (8.6e-006)
797.017 .... 899 packets received, 2313 bps, 28.91%, Err 17 (8.6e-006)
799.329 .... 901 packets received, 2311 bps, 28.89%, Err 17 (8.5e-006)
801.892 .... 904 packets received, 2311 bps, 28.89%, Err 17 (8.5e-006)
804.319 .... 907 packets received, 2312 bps, 28.90%, Err 17 (8.5e-006)
806.764 .... 910 packets received, 2313 bps, 28.91%, Err 17 (8.5e-006)
809.167 .... 913 packets received, 2313 bps, 28.92%, Err 17 (8.4e-006)
811.572 .... 916 packets received, 2314 bps, 28.93%, Err 17 (8.4e-006)
814.555 .... 919 packets received, 2313 bps, 28.91%, Err 17 (8.4e-006)
816.957 .... 922 packets received, 2314 bps, 28.92%, Err 17 (8.4e-006)
820.271 .... 923 packets received, 2307 bps, 28.84%, Err 18 (8.8e-006)
822.661 .... 926 packets received, 2308 bps, 28.85%, Err 18 (8.8e-006)
825.085 .... 929 packets received, 2308 bps, 28.86%, Err 18 (8.8e-006)
827.488 .... 932 packets received, 2309 bps, 28.87%, Err 18 (8.7e-006)
829.905 .... 935 packets received, 2310 bps, 28.87%, Err 18 (8.7e-006)
832.326 .... 938 packets received, 2311 bps, 28.88%, Err 18 (8.7e-006)
834.716 .... 941 packets received, 2311 bps, 28.89%, Err 18 (8.7e-006)
837.128 .... 944 packets received, 2312 bps, 28.90%, Err 18 (8.6e-006)
839.528 .... 947 packets received, 2313 bps, 28.91%, Err 18 (8.6e-006)
841.944 .... 950 packets received, 2313 bps, 28.92%, Err 18 (8.6e-006)
844.350 .... 953 packets received, 2314 bps, 28.93%, Err 18 (8.6e-006)
846.744 .... 956 packets received, 2315 bps, 28.93%, Err 18 (8.5e-006)
849.142 .... 959 packets received, 2315 bps, 28.94%, Err 18 (8.5e-006)
851.539 .... 962 packets received, 2316 bps, 28.95%, Err 18 (8.5e-006)
853.936 .... 965 packets received, 2317 bps, 28.96%, Err 18 (8.4e-006)
856.3