000.000 =============================================================
000.000                     Station A                               
000.000 -------------------------------------------------------------
000.000 Protocol.lib, version 4.0, jiangyanjun0718@bupt.edu.cn
000.000 Channel: 8000 bps, 270 ms propagation delay, bit error rate 1.0E-005
000.000 Log file "selective-A.log", TCP port 10003, debug mask 0x00
000.000 Station A is waiting for station B on TCP port 10003 ... Done.
000.299 New epoch: Sun Oct 28 16:50:40 2018
000.300 =================================================================
000.300 
000.300 Designed by Jiang Yanjun, build: Oct 28 2018  16:37:15
003.429 .... 7 packets received, 6769 bps, 84.61%, Err 1 (5.3e-005)
005.544 .... 15 packets received, 7257 bps, 90.72%, Err 1 (2.8e-005)
007.645 .... 23 packets received, 7437 bps, 92.96%, Err 1 (1.9e-005)
009.772 .... 31 packets received, 7504 bps, 93.80%, Err 1 (1.4e-005)
011.883 .... 39 packets received, 7555 bps, 94.44%, Err 1 (1.2e-005)
013.994 .... 47 packets received, 7589 bps, 94.87%, Err 1 (9.7e-006)
016.121 .... 55 packets received, 7606 bps, 95.07%, Err 1 (8.3e-006)
018.231 .... 62 packets received, 7504 bps, 93.81%, Err 2 (1.5e-005)
020.346 .... 70 packets received, 7531 bps, 94.14%, Err 2 (1.3e-005)
022.450 .... 78 packets received, 7557 bps, 94.46%, Err 2 (1.2e-005)
024.562 .... 86 packets received, 7575 bps, 94.69%, Err 2 (1.1e-005)
026.685 .... 94 packets received, 7587 bps, 94.84%, Err 2 (9.8e-006)
028.798 .... 102 packets received, 7600 bps, 95.00%, Err 2 (9.0e-006)
030.914 .... 109 packets received, 7541 bps, 94.26%, Err 3 (1.3e-005)
033.029 .... 117 packets received, 7555 bps, 94.43%, Err 3 (1.2e-005)
035.135 .... 125 packets received, 7569 bps, 94.61%, Err 4 (1.5e-005)
037.245 .... 133 packets received, 7580 bps, 94.75%, Err 4 (1.4e-005)
039.370 .... 141 packets received, 7587 bps, 94.84%, Err 4 (1.3e-005)
041.477 .... 149 packets received, 7597 bps, 94.97%, Err 4 (1.2e-005)
043.589 .... 157 packets received, 7605 bps, 95.07%, Err 4 (1.2e-005)
045.696 .... 165 packets received, 7613 bps, 95.17%, Err 4 (1.1e-005)
047.823 .... 173 packets received, 7617 bps, 95.22%, Err 4 (1.1e-005)
049.944 .... 181 packets received, 7622 bps, 95.28%, Err 4 (1.0e-005)
052.051 .... 189 packets received, 7629 bps, 95.36%, Err 4 (9.8e-006)
054.163 .... 197 packets received, 7634 bps, 95.42%, Err 4 (9.4e-006)
056.267 .... 205 packets received, 7640 bps, 95.49%, Err 4 (9.1e-006)
058.374 .... 212 packets received, 7609 bps, 95.11%, Err 5 (1.1e-005)
060.498 .... 220 packets received, 7612 bps, 95.16%, Err 5 (1.1e-005)
062.607 .... 228 packets received, 7618 bps, 95.22%, Err 5 (1.0e-005)
064.708 .... 236 packets received, 7624 bps, 95.30%, Err 5 (9.8e-006)
066.826 .... 244 packets received, 7627 bps, 95.34%, Err 5 (9.5e-006)
068.948 .... 252 packets received, 7630 bps, 95.38%, Err 5 (9.2e-006)
071.058 .... 260 packets received, 7634 bps, 95.43%, Err 6 (1.1e-005)
073.163 .... 267 packets received, 7610 bps, 95.13%, Err 6 (1.0e-005)
075.276 .... 275 packets received, 7614 bps, 95.18%, Err 6 (1.0e-005)
077.401 .... 283 packets received, 7617 bps, 95.21%, Err 6 (9.8e-006)
079.501 .... 291 packets received, 7622 bps, 95.28%, Err 6 (9.6e-006)
081.623 .... 299 packets received, 7625 bps, 95.31%, Err 6 (9.3e-006)
083.731 .... 307 packets received, 7628 bps, 95.36%, Err 6 (9.1e-006)
086.123 .... 312 packets received, 7534 bps, 94.18%, Err 8 (1.2e-005)
088.237 .... 323 packets received, 7610 bps, 95.12%, Err 8 (1.1e-005)
090.342 .... 331 packets received, 7614 bps, 95.18%, Err 8 (1.1e-005)
092.452 .... 339 packets received, 7618 bps, 95.22%, Err 8 (1.1e-005)
094.557 .... 346 packets received, 7599 bps, 94.99%, Err 9 (1.2e-005)
096.679 .... 354 packets received, 7602 bps, 95.03%, Err 9 (1.2e-005)
098.804 .... 362 packets received, 7604 bps, 95.06%, Err 9 (1.2e-005)
100.913 .... 370 packets received, 7608 bps, 95.10%, Err 9 (1.1e-005)
103.016 .... 378 packets received, 7612 bps, 95.15%, Err 9 (1.1e-005)
105.147 .... 386 packets received, 7613 bps, 95.17%, Err 10 (1.2e-005)
108.671 .... 388 packets received, 7401 bps, 92.52%, Err 10 (1.2e-005)
112.809 .... 389 packets received, 7145 bps, 89.31%, Err 10 (1.2e-005)
117.049 .... 390 packets received, 6901 bps, 86.26%, Err 10 (1.2e-005)
121.212 .... 391 packets received, 6679 bps, 83.48%, Err 10 (1.1e-005)
125.242 .... 392 packets received, 6478 bps, 80.97%, Err 11 (1.2e-005)
129.321 .... 393 packets received, 6288 bps, 78.59%, Err 11 (1.2e-005)
133.414 .... 394 packets received, 6108 bps, 76.35%, Err 11 (1.2e-005)
137.520 .... 395 packets received, 5939 bps, 74.24%, Err 12 (1.3e-005)
141.568 .... 396 packets received, 5782 bps, 72.28%, Err 12 (1.3e-005)
145.669 .... 397 packets received, 5632 bps, 70.40%, Err 12 (1.3e-005)
149.695 .... 398 packets received, 5493 bps, 68.67%, Err 12 (1.3e-005)
153.792 .... 399 packets received, 5359 bps, 66.99%, Err 12 (1.2e-005)
157.861 .... 400 packets received, 5233 bps, 65.41%, Err 12 (1.2e-005)
161.976 .... 401 packets received, 5112 bps, 63.89%, Err 12 (1.2e-005)
166.012 .... 402 packets received, 4999 bps, 62.48%, Err 12 (1.2e-005)
170.135 .... 403 packets received, 4889 bps, 61.11%, Err 12 (1.2e-005)
174.211 .... 404 packets received, 4785 bps, 59.82%, Err 12 (1.2e-005)
178.333 .... 405 packets received, 4686 bps, 58.57%, Err 12 (1.2e-005)
182.515 .... 406 packets received, 4589 bps, 57.36%, Err 12 (1.1e-005)
186.631 .... 407 packets received, 4498 bps, 56.22%, Err 12 (1.1e-005)
190.730 .... 408 packets received, 4411 bps, 55.14%, Err 12 (1.1e-005)
194.867 .... 409 packets received, 4328 bps, 54.09%, Err 12 (1.1e-005)
198.989 .... 410 packets received, 4248 bps, 53.10%, Err 12 (1.1e-005)
201.067 .... 413 packets received, 4234 bps, 52.93%, Err 12 (1.1e-005)
203.173 .... 421 packets received, 4271 bps, 53.39%, Err 12 (1.1e-005)
205.296 .... 429 packets received, 4307 bps, 53.84%, Err 12 (1.1e-005)
207.400 .... 437 packets received, 4343 bps, 54.28%, Err 12 (1.0e-005)
209.516 .... 445 packets received, 4377 bps, 54.72%, Err 13 (1.1e-005)
211.621 .... 453 packets received, 4411 bps, 55.14%, Err 13 (1.1e-005)
213.736 .... 461 packets received, 4445 bps, 55.56%, Err 13 (1.1e-005)
215.851 .... 469 packets received, 4477 bps, 55.96%, Err 13 (1.1e-005)
217.970 .... 477 packets received, 4509 bps, 56.36%, Err 13 (1.0e-005)
220.087 .... 485 packets received, 4540 bps, 56.75%, Err 13 (1.0e-005)
222.190 .... 493 packets received, 4571 bps, 57.14%, Err 13 (1.0e-005)
224.308 .... 501 packets received, 4601 bps, 57.51%, Err 13 (1.0e-005)
226.431 .... 509 packets received, 4631 bps, 57.88%, Err 13 (9.9e-006)
228.532 .... 517 packets received, 4660 bps, 58.25%, Err 13 (9.8e-006)
231.176 .... 522 packets received, 4651 bps, 58.13%, Err 14 (1.0e-005)
233.286 .... 534 packets received, 4714 bps, 58.93%, Err 14 (1.0e-005)
235.405 .... 542 packets received, 4742 bps, 59.27%, Err 14 (1.0e-005)
237.522 .... 550 packets received, 4769 bps, 59.61%, Err 14 (1.0e-005)
239.646 .... 558 packets received, 4795 bps, 59.94%, Err 14 (9.9e-006)
241.758 .... 566 packets received, 4821 bps, 60.26%, Err 14 (9.8e-006)
243.884 .... 574 packets received, 4846 bps, 60.58%, Err 14 (9.7e-006)
245.988 .... 582 packets received, 4871 bps, 60.89%, Err 14 (9.6e-006)
248.102 .... 590 packets received, 4896 bps, 61.20%, Err 14 (9.4e-006)
250.222 .... 598 packets received, 4920 bps, 61.50%, Err 14 (9.3e-006)
252.342 .... 606 packets received, 4944 bps, 61.80%, Err 14 (9.2e-006)
254.458 .... 614 packets received, 4967 bps, 62.09%, Err 14 (9.1e-006)
256.559 .... 622 packets received, 4991 bps, 62.38%, Err 14 (9.0e-006)
258.677 .... 630 packets received, 5013 bps, 62.67%, Err 14 (8.9e-006)
260.784 .... 638 packets received, 5036 bps, 62.95%, Err 14 (8.8e-006)
262.908 .... 646 packets received, 5057 bps, 63.22%, Err 14 (8.7e-006)
265.018 .... 654 packets received, 5079 bps, 63.49%, Err 14 (8.7e-006)
267.125 .... 662 packets received, 5100 bps, 63.76%, Err 14 (8.6e-006)
269.255 .... 670 packets received, 5121 bps, 64.01%, Err 14 (8.5e-006)
271.368 .... 678 packets received, 5142 bps, 64.27%, Err 14 (8.4e-006)
273.494 .... 686 packets received, 5162 bps, 64.52%, Err 14 (8.3e-006)
276.648 .... 694 packets received, 5162 bps, 64.53%, Err 15 (8.8e-006)
278.770 .... 705 packets received, 5204 bps, 65.05%, Err 15 (8.7e-006)
280.894 .... 713 packets received, 5223 bps, 65.29%, Err 15 (8.6e-006)
283.011 .... 721 packets received, 5242 bps, 65.52%, Err 15 (8.5e-006)
285.114 .... 729 packets received, 5261 bps, 65.76%, Err 15 (8.4e-006)
287.235 .... 737 packets received, 5279 bps, 65.99%, Err 15 (8.4e-006)
289.349 .... 745 packets received, 5297 bps, 66.21%, Err 15 (8.3e-006)
291.451 .... 753 packets received, 5315 bps, 66.44%, Err 15 (8.2e-006)
293.574 .... 761 packets received, 5333 bps, 66.66%, Err 15 (8.1e-006)
295.677 .... 769 packets received, 5350 bps, 66.88%, Err 15 (8.1e-006)
297.776 .... 777 packets received, 5368 bps, 67.09%, Err 15 (8.0e-006)
299.896 .... 785 packets received, 5384 bps, 67.30%, Err 15 (7.9e-006)
302.018 .... 793 packets received, 5401 bps, 67.51%, Err 15 (7.8e-006)
304.124 .... 801 packets received, 5417 bps, 67.72%, Err 15 (7.8e-006)
306.246 .... 805 packets received, 5407 bps, 67.58%, Err 16 (8.2e-006)
308.518 .... 806 packets received, 5373 bps, 67.17%, Err 16 (8.2e-006)
312.530 .... 807 packets received, 5311 bps, 66.38%, Err 16 (8.1e-006)
316.654 .... 808 packets received, 5248 bps, 65.59%, Err 16 (8.1e-006)
320.772 .... 809 packets received, 5186 bps, 64.83%, Err 16 (8.0e-006)
324.785 .... 810 packets received, 5128 bps, 64.10%, Err 16 (8.0e-006)
329.210 .... 811 packets received, 5065 bps, 63.32%, Err 17 (8.4e-006)
333.071 .... 812 packets received, 5013 bps, 62.66%, Err 17 (8.4e-006)
337.199 .... 813 packets received, 4957 bps, 61.96%, Err 17 (8.3e-006)
341.329 .... 814 packets received, 4903 bps, 61.29%, Err 17 (8.3e-006)
345.735 .... 815 packets received, 4846 bps, 60.58%, Err 18 (8.7e-006)
349.474 .... 816 packets received, 4800 bps, 60.00%, Err 18 (8.7e-006)
353.590 .... 817 packets received, 4750 bps, 59.37%, Err 18 (8.6e-006)
357.706 .... 818 packets received, 4701 bps, 58.76%, Err 18 (8.6e-006)
361.839 .... 819 packets received, 4652 bps, 58.15%, Err 20 (9.5e-006)
365.976 .... 820 packets received, 4605 bps, 57.57%, Err 20 (9.4e-006)
370.041 .... 821 packets received, 4560 bps, 57.00%, Err 20 (9.4e-006)
374.146 .... 822 packets received, 4515 bps, 56.44%, Err 20 (9.3e-006)
378.236 .... 823 packets received, 4472 bps, 55.90%, Err 20 (9.3e-006)
382.344 .... 824 packets received, 4429 bps, 55.36%, Err 21 (9.7e-006)
386.475 .... 825 packets received, 4387 bps, 54.83%, Err 21 (9.7e-006)
390.595 .... 826 packets received, 4346 bps, 54.32%, Err 21 (9.6e-006)
394.849 .... 827 packets received, 4304 bps, 53.80%, Err 21 (9.6e-006)
398.916 .... 828 packets received, 4265 bps, 53.31%, Err 21 (9.5e-006)
401.069 .... 831 packets received, 4257 bps, 53.22%, Err 21 (9.4e-006)
403.183 .... 838 packets received, 4271 bps, 53.38%, Err 22 (9.8e-006)
405.300 .... 842 packets received, 4268 bps, 53.36%, Err 23 (1.0e-005)
407.432 .... 853 packets received, 4302 bps, 53.77%, Err 23 (1.0e-005)
410.066 .... 859 packets received, 4304 bps, 53.80%, Err 24 (1.0e-005)
412.176 .... 870 packets received, 4337 bps, 54.21%, Err 24 (1.0e-005)
414.283 .... 874 packets received, 4334 bps, 54.18%, Err 25 (1.1e-005)
416.391 .... 884 packets received, 4362 bps, 54.52%, Err 26 (1.1e-005)
418.510 .... 892 packets received, 4379 bps, 54.73%, Err 26 (1.1e-005)
420.629 .... 900 packets received, 4396 bps, 54.95%, Err 26 (1.1e-005)
422.733 .... 908 packets received, 4413 bps, 55.16%, Err 26 (1.1e-005)
424.847 .... 916 packets received, 4429 bps, 55.37%, Err 26 (1.1e-005)
426.963 .... 924 packets received, 4446 bps, 55.57%, Err 26 (1.1e-005)
429.084 .... 932 packets received, 4462 bps, 55.78%, Err 26 (1.1e-005)
431.183 .... 940 packets received, 4478 bps, 55.98%, Err 26 (1.1e-005)
433.301 .... 948 packets received, 4494 bps, 56.18%, Err 26 (1.0e-005)
435.400 .... 956 packets received, 4510 bps, 56.38%, Err 26 (1.0e-005)
437.518 .... 964 packets received, 4526 bps, 56.57%, Err 26 (1.0e-005)
439.639 .... 972 packets received, 4541 bps, 56.77%, Err 26 (1.0e-005)
441.744 .... 980 packets received, 4557 bps, 56.96%, Err 26 (1.0e-005)
443.868 .... 988 packets received, 4572 bps, 57.15%, Err 26 (1.0e-005)
445.993 .... 996 packets received, 4587 bps, 57.34%, Err 26 (1.0e-005)
448.632 .... 1002 packets received, 4588 bps, 57.34%, Err 27 (1.0e-005)
450.746 .... 1013 packets received, 4616 bps, 57.70%, Err 27 (1.0e-005)
453.096 .... 1017 packets received, 4610 bps, 57.63%, Err 28 (1.1e-005)
455.235 .... 1029 packets received, 4643 bps, 58.03%, Err 28 (1.1e-005)
457.333 .... 1037 packets received, 4657 bps, 58.21%, Err 28 (1.0e-005)
460.757 .... 1045 packets received, 4658 bps, 58.23%, Err 29 (1.1e-005)
462.873 .... 1057 packets received, 4690 bps, 58.63%, Err 29 (1.1e-005)
464.997 .... 1065 packets received, 4704 bps, 58.80%, Err 29 (1.1e-005)
467.102 .... 1073 packets received, 4718 bps, 58.97%, Err 29 (1.1e-005)
469.210 .... 1076 packets received, 4710 bps, 58.87%, Err 30 (1.1e-005)
471.331 .... 1088 packets received, 4741 bps, 59.26%, Err 30 (1.1e-005)
473.439 .... 1096 packets received, 4754 bps, 59.43%, Err 30 (1.1e-005)
475.558 .... 1104 packets received, 4768 bps, 59.59%, Err 30 (1.1e-005)
477.695 .... 1112 packets received, 4781 bps, 59.76%, Err 30 (1.1e-005)
479.798 .... 1120 packets received, 4794 bps, 59.92%, Err 30 (1.1e-005)
481.918 .... 1128 packets received, 4807 bps, 60.08%, Err 30 (1.0e-005)
484.025 .... 1136 packets received, 4820 bps, 60.25%, Err 30 (1.0e-005)
486.141 .... 1144 packets received, 4832 bps, 60.41%, Err 30 (1.0e-005)
488.244 .... 1152 packets received, 4845 bps, 60.57%, Err 30 (1.0e-005)
490.371 .... 1160 packets received, 4858 bps, 60.72%, Err 31 (1.1e-005)
492.491 .... 1168 packets received, 4870 bps, 60.88%, Err 31 (1.0e-005)
494.609 .... 1176 packets received, 4882 bps, 61.03%, Err 31 (1.0e-005)
496.715 .... 1184 packets received, 4895 bps, 61.18%, Err 32 (1.1e-005)
498.841 .... 1191 packets received, 4903 bps, 61.28%, Err 32 (1.1e-005)
500.949 .... 1199 packets received, 4915 bps, 61.43%, Err 32 (1.1e-005)
503.058 .... 1207 packets received, 4927 bps, 61.58%, Err 32 (1.1e-005)
505.175 .... 1215 packets received, 4938 bps, 61.73%, Err 32 (1.0e-005)
508.583 .... 1216 packets received, 4909 bps, 61.37%, Err 32 (1.0e-005)
512.629 .... 1217 packets received, 4874 bps, 60.93%, Err 32 (1.0e-005)
516.783 .... 1218 packets received, 4839 bps, 60.49%, Err 32 (1.0e-005)
520.851 .... 1219 packets received, 4805 bps, 60.07%, Err 33 (1.1e-005)
524.868 .... 1220 packets received, 4772 bps, 59.65%, Err 33 (1.1e-005)
528.960 .... 1221 packets received, 4739 bps, 59.24%, Err 33 (1.1e-005)
533.114 .... 1222 packets received, 4706 bps, 58.82%, Err 33 (1.1e-005)
537.177 .... 1223 packets received, 4674 bps, 58.43%, Err 33 (1.0e-005)
541.358 .... 1224 packets received, 4642 bps, 58.02%, Err 33 (1.0e-005)
545.499 .... 1225 packets received, 4610 bps, 57.63%, Err 33 (1.0e-005)
549.589 .... 1226 packets received, 4580 bps, 57.24%, Err 33 (1.0e-005)
553.650 .... 1227 packets received, 4550 bps, 56.87%, Err 33 (1.0e-005)
557.871 .... 1228 packets received, 4519 bps, 56.48%, Err 33 (1.0e-005)
562.046 .... 1229 packets received, 4489 bps, 56.11%, Err 33 (1.0e-005)
566.095 .... 1230 packets received, 4460 bps, 55.75%, Err 33 (1.0e-005)
570.186 .... 1231 packets received, 4432 bps, 55.40%, Err 33 (1.0e-005)
574.345 .... 1232 packets received, 4403 bps, 55.04%, Err 34 (1.0e-005)
578.445 .... 1233 packets received, 4375 bps, 54.69%, Err 34 (1.0e-005)
582.465 .... 1234 packets received, 4349 bps, 54.36%, Err 34 (1.0e-005)
586.553 .... 1235 packets received, 4322 bps, 54.02%, Err 34 (1.0e-005)
590.666 .... 1236 packets received, 4295 bps, 53.69%, Err 34 (1.0e-005)
594.859 .... 1237 packets received, 4268 bps, 53.35%, Err 34 (1.0e-005)
598.964 .... 1238 packets received, 4242 bps, 53.03%, Err 34 (1.0e-005)
601.070 .... 1241 packets received, 4238 bps, 52.97%, Err 34 (1.0e-005)
603.978 .... 1248 packets received, 4241 bps, 53.01%, Err 35 (1.0e-005)
606.083 .... 1259 packets received, 4263 bps, 53.29%, Err 35 (1.0e-005)
608.205 .... 1267 packets received, 4276 bps, 53.44%, Err 35 (1.0e-005)
610.310 .... 1275 packets received, 4288 bps, 53.60%, Err 35 (1.0e-005)
612.428 .... 1283 packets received, 4300 bps, 53.75%, Err 35 (1.0e-005)
614.539 .... 1291 packets received, 4312 bps, 53.89%, Err 35 (1.0e-005)
616.658 .... 1299 packets received, 4323 bps, 54.04%, Err 35 (1.0e-005)
618.761 .... 1307 packets received, 4335 bps, 54.19%, Err 35 (1.0e-005)
620.872 .... 1315 packets received, 4347 bps, 54.34%, Err 35 (1.0e-005)
622.979 .... 1323 packets received, 4358 bps, 54.48%, Err 35 (1.0e-005)
625.101 .... 1330 packets received, 4367 bps, 54.58%, Err 36 (1.0e-005)
627.200 .... 1338 packets received, 4378 bps, 54.73%, Err 36 (1.0e-005)
629.320 .... 1346 packets received, 4389 bps, 54.87%, Err 36 (1.0e-005)
631.428 .... 1354 packets received, 4401 bps, 55.01%, Err 36 (1.0e-005)
633.555 .... 1362 packets received, 4412 bps, 55.15%, Err 36 (1.0e-005)
635.657 .... 1370 packets received, 4423 bps, 55.29%, Err 36 (1.0e-005)
637.779 .... 1378 packets received, 4434 bps, 55.43%, Err 36 (9.9e-006)
639.910 .... 1386 packets received, 4445 bps, 55.56%, Err 36 (9.9e-006)
642.026 .... 1394 packets received, 4456 bps, 55.70%, Err 36 (9.8e-006)
644.131 .... 1402 packets received, 4467 bps, 55.83%, Err 36 (9.8e-006)
646.244 .... 1409 packets received, 4474 bps, 55.93%, Err 37 (1.0e-005)
649.403 .... 1417 packets received, 4478 bps, 55.97%, Err 38 (1.0e-005)
651.535 .... 1424 packets received, 4485 bps, 56.06%, Err 39 (1.0e-005)
653.640 .... 1435 packets received, 4505 bps, 56.32%, Err 39 (1.0e-005)
655.754 .... 1443 packets received, 4516 bps, 56.45%, Err 39 (1.0e-005)
657.875 .... 1451 packets received, 4526 bps, 56.58%, Err 39 (1.0e-005)
659.995 .... 1459 packets received, 4536 bps, 56.70%, Err 39 (1.0e-005)
662.118 .... 1467 packets received, 4547 bps, 56.83%, Err 39 (1.0e-005)
664.210 .... 1475 packets received, 4557 bps, 56.96%, Err 39 (1.0e-005)
666.329 .... 1483 packets received, 4567 bps, 57.09%, Err 39 (1.0e-005)
669.529 .... 1491 packets received, 4570 bps, 57.12%, Err 40 (1.0e-005)
671.631 .... 1502 packets received, 4589 bps, 57.36%, Err 41 (1.1e-005)
673.751 .... 1509 packets received, 4596 bps, 57.45%, Err 41 (1.0e-005)
675.864 .... 1517 packets received, 4606 bps, 57.57%, Err 41 (1.0e-005)
677.991 .... 1520 packets received, 4600 bps, 57.50%, Err 42 (1.1e-005)
680.117 .... 1532 packets received, 4622 bps, 57.78%, Err 42 (1.1e-005)
682.237 .... 1540 packets received, 4632 bps, 57.90%, Err 42 (1.1e-005)
685.419 .... 1548 packets received, 4634 bps, 57.93%, Err 43 (1.1e-005)
687.522 .... 1559 packets received, 4653 bps, 58.16%, Err 43 (1.1e-005)
689.626 .... 1567 packets received, 4662 bps, 58.28%, Err 43 (1.1e-005)
691.747 .... 1575 packets received, 4672 bps, 58.40%, Err 43 (1.1e-005)
693.869 .... 1583 packets received, 4681 bps, 58.51%, Err 43 (1.1e-005)
695.963 .... 1591 packets received, 4691 bps, 58.63%, Err 43 (1.1e-005)
698.087 .... 1599 packets received, 4700 bps, 58.75%, Err 43 (1.0e-005)
700.207 .... 1607 packets received, 4709 bps, 58.86%, Err 43 (1.0e-005)
702.311 .... 1615 packets received, 4718 bps, 58.98%, Err 43 (1.0e-005)
704.431 .... 1623 packets received, 4727 bps, 59.09%, Err 43 (1.0e-005)
708.573 .... 1627 packets received, 4711 bps, 58.89%, Err 43 (1.0e-005)
712.652 .... 1628 packets received, 4687 bps, 58.59%, Err 43 (1.0e-005)
716.677 .... 1629 packets received, 4664 bps, 58.30%, Err 43 (1.0e-005)
720.701 .... 1630 packets received, 4640 bps, 58.00%, Err 43 (1.0e-005)
724.842 .... 1631 packets received, 4617 bps, 57.71%, Err 43 (1.0e-005)
729.000 .... 1632 packets received, 4593 bps, 57.41%, Err 43 (1.0e-005)
733.129 .... 1633 packets received, 4570 bps, 57.12%, Err 43 (1.0e-005)
737.253 .... 1634 packets received, 4547 bps, 56.84%, Err 43 (1.0e-005)
741.331 .... 1635 packets received, 4525 bps, 56.56%, Err 43 (1.0e-005)
745.423 .... 1636 packets received, 4503 bps, 56.28%, Err 43 (1.0e-005)
749.581 .... 1637 packets received, 4480 bps, 56.01%, Err 43 (1.0e-005)
753.642 .... 1638 packets received, 4459 bps, 55.74%, Err 43 (1.0e-005)
757.741 .... 1639 packets received, 4438 bps, 55.47%, Err 43 (1.0e-005)
761.832 .... 1